<?xml version="1.0" encoding="UTF-8"?>
<testsuite name="Prueba tecnica" tests="1" skipped="0" failures="0" errors="0" timestamp="2021-02-12T15:11:22" hostname="DESKTOP-JFL57R2" time="23.94">
  <properties/>
  <testcase name="Resgistrarse en la pagina de utest" classname="Prueba tecnica" time="23.94"/>
  <system-out><![CDATA[]]></system-out>
  <system-err><![CDATA[[Test worker] WARN net.thucydides.core.steps.BaseStepListener - stepStarted: net.thucydides.core.steps.ExecutedStepDescription@6583fc59
[Test worker] WARN net.thucydides.core.steps.BaseStepListener - stepStarted: net.thucydides.core.steps.ExecutedStepDescription@5d64dea2
[Test worker] WARN net.thucydides.core.steps.BaseStepListener - stepStarted: net.thucydides.core.steps.ExecutedStepDescription@345a3c
Feb 12, 2021 10:11:22 AM org.openqa.selenium.remote.DesiredCapabilities chrome
INFO: Using `new ChromeOptions()` is preferred to `DesiredCapabilities.chrome()`
[Test worker] INFO net.serenitybdd.core.webdriver.driverproviders.ProvideNewDriver - Instantiating driver
[Test worker] INFO net.serenitybdd.core.webdriver.driverproviders.ProvideNewDriver - Driver capabilities: Capabilities {acceptInsecureCerts: false, browserName: chrome, chrome.switches: --start-maximized, goog:chromeOptions: {args: [--start-maximized], extensions: []}, loggingPrefs: org.openqa.selenium.logging..., platform: ANY, version: }
Starting ChromeDriver 88.0.4324.27 (6347fe8bf1e48bd0c54d07dc55ca011cf40861c9-refs/branch-heads/4324@{#450}) on port 18530
Only local connections are allowed.
Please see https://chromedriver.chromium.org/security-considerations for suggestions on keeping ChromeDriver safe.
ChromeDriver was started successfully.
Feb 12, 2021 10:11:25 AM org.openqa.selenium.remote.ProtocolHandshake createSession
INFO: Detected dialect: W3C
[Test worker] WARN net.thucydides.core.steps.BaseStepListener - stepFinished: current outcome:Resgistrarse en la pagina de utest:Given El usuario quiere registrarse en la pagina de utest [Brandon open up [Brandon opens the Utest page]]
[Test worker] WARN net.thucydides.core.steps.BaseStepListener - stepFinished: current outcome:Resgistrarse en la pagina de utest:Given El usuario quiere registrarse en la pagina de utest [Brandon open up [Brandon opens the Utest page]]
[Test worker] WARN net.thucydides.core.steps.BaseStepListener - stepStarted: net.thucydides.core.steps.ExecutedStepDescription@35639a14
[Test worker] WARN net.thucydides.core.steps.BaseStepListener - stepStarted: net.thucydides.core.steps.ExecutedStepDescription@20c5f445
[Test worker] WARN net.thucydides.core.steps.BaseStepListener - stepFinished: current outcome:Resgistrarse en la pagina de utest:Given El usuario quiere registrarse en la pagina de utest [Brandon open up [Brandon opens the Utest page], Brandon join t [Brandon clicks on buton de registro]]
[Test worker] WARN net.thucydides.core.steps.BaseStepListener - stepFinished: current outcome:Resgistrarse en la pagina de utest:Given El usuario quiere registrarse en la pagina de utest [Brandon open up [Brandon opens the Utest page], Brandon join t [Brandon clicks on buton de registro]]
[Test worker] WARN net.thucydides.core.steps.BaseStepListener - stepFinished: current outcome:Resgistrarse en la pagina de utest:Given El usuario quiere registrarse en la pagina de utest [Brandon open up [Brandon opens the Utest page], Brandon join t [Brandon clicks on buton de registro]]
[Test worker] WARN net.thucydides.core.steps.BaseStepListener - stepStarted: net.thucydides.core.steps.ExecutedStepDescription@7e48b627
[Test worker] WARN net.thucydides.core.steps.BaseStepListener - stepStarted: net.thucydides.core.steps.ExecutedStepDescription@1b1b8ec1
[Test worker] WARN net.thucydides.core.steps.BaseStepListener - stepStarted: net.thucydides.core.steps.ExecutedStepDescription@28913a8a
[Test worker] WARN net.thucydides.core.steps.BaseStepListener - stepFinished: current outcome:Resgistrarse en la pagina de utest:Given El usuario quiere registrarse en la pagina de utest [Brandon open up [Brandon opens the Utest page], Brandon join t [Brandon clicks on buton de registro]], When El llena el formulario de registro en la pagina de utest
| strFirstName | strLastName | strEmail | strMonth | strDay | strYear | strCity | strZip | strCountry | strComputer | strVersion | strLanguage | strMobil | strModel | strOS | strPassword |
| Jhonatan | Ferreira | jhonferre0616@gmail.com | June | 16 | 1995 | Cúcuta | 540013 | Colombia | Windows | 10 | English | Motorola | Moto G6 Plus | Android 9.0 (Pie) | MiContraseña-2021 | [Brandon fill form [Brandon enters 'Jhonatan' into primer nombre]]
[Test worker] WARN net.thucydides.core.steps.BaseStepListener - stepStarted: net.thucydides.core.steps.ExecutedStepDescription@20bb4651
[Test worker] WARN net.thucydides.core.steps.BaseStepListener - stepFinished: current outcome:Resgistrarse en la pagina de utest:Given El usuario quiere registrarse en la pagina de utest [Brandon open up [Brandon opens the Utest page], Brandon join t [Brandon clicks on buton de registro]], When El llena el formulario de registro en la pagina de utest
| strFirstName | strLastName | strEmail | strMonth | strDay | strYear | strCity | strZip | strCountry | strComputer | strVersion | strLanguage | strMobil | strModel | strOS | strPassword |
| Jhonatan | Ferreira | jhonferre0616@gmail.com | June | 16 | 1995 | Cúcuta | 540013 | Colombia | Windows | 10 | English | Motorola | Moto G6 Plus | Android 9.0 (Pie) | MiContraseña-2021 | [Brandon fill form [Brandon enters 'Jhonatan' into primer nombre, Brandon enters 'Ferreira' into segundo nombre]]
[Test worker] WARN net.thucydides.core.steps.BaseStepListener - stepStarted: net.thucydides.core.steps.ExecutedStepDescription@48250b4a
[Test worker] WARN net.thucydides.core.steps.BaseStepListener - stepFinished: current outcome:Resgistrarse en la pagina de utest:Given El usuario quiere registrarse en la pagina de utest [Brandon open up [Brandon opens the Utest page], Brandon join t [Brandon clicks on buton de registro]], When El llena el formulario de registro en la pagina de utest
| strFirstName | strLastName | strEmail | strMonth | strDay | strYear | strCity | strZip | strCountry | strComputer | strVersion | strLanguage | strMobil | strModel | strOS | strPassword |
| Jhonatan | Ferreira | jhonferre0616@gmail.com | June | 16 | 1995 | Cúcuta | 540013 | Colombia | Windows | 10 | English | Motorola | Moto G6 Plus | Android 9.0 (Pie) | MiContraseña-2021 | [Brandon fill form [Brandon enters 'Jhonatan' into primer nombre, Brandon enters 'Ferreira' into segundo nombre, Brandon enters 'jhonferre0616@gmail.com' into correo]]
[Test worker] WARN net.thucydides.core.steps.BaseStepListener - stepStarted: net.thucydides.core.steps.ExecutedStepDescription@66141ca8
[Test worker] WARN net.thucydides.core.steps.BaseStepListener - stepFinished: current outcome:Resgistrarse en la pagina de utest:Given El usuario quiere registrarse en la pagina de utest [Brandon open up [Brandon opens the Utest page], Brandon join t [Brandon clicks on buton de registro]], When El llena el formulario de registro en la pagina de utest
| strFirstName | strLastName | strEmail | strMonth | strDay | strYear | strCity | strZip | strCountry | strComputer | strVersion | strLanguage | strMobil | strModel | strOS | strPassword |
| Jhonatan | Ferreira | jhonferre0616@gmail.com | June | 16 | 1995 | Cúcuta | 540013 | Colombia | Windows | 10 | English | Motorola | Moto G6 Plus | Android 9.0 (Pie) | MiContraseña-2021 | [Brandon fill form [Brandon enters 'Jhonatan' into primer nombre, Brandon enters 'Ferreira' into segundo nombre, Brandon enters 'jhonferre0616@gmail.com' into correo, Brandon select June on mes de nacimiento]]
[Test worker] WARN net.thucydides.core.steps.BaseStepListener - stepStarted: net.thucydides.core.steps.ExecutedStepDescription@a892b45
[Test worker] WARN net.thucydides.core.steps.BaseStepListener - stepFinished: current outcome:Resgistrarse en la pagina de utest:Given El usuario quiere registrarse en la pagina de utest [Brandon open up [Brandon opens the Utest page], Brandon join t [Brandon clicks on buton de registro]], When El llena el formulario de registro en la pagina de utest
| strFirstName | strLastName | strEmail | strMonth | strDay | strYear | strCity | strZip | strCountry | strComputer | strVersion | strLanguage | strMobil | strModel | strOS | strPassword |
| Jhonatan | Ferreira | jhonferre0616@gmail.com | June | 16 | 1995 | Cúcuta | 540013 | Colombia | Windows | 10 | English | Motorola | Moto G6 Plus | Android 9.0 (Pie) | MiContraseña-2021 | [Brandon fill form [Brandon enters 'Jhonatan' into primer nombre, Brandon enters 'Ferreira' into segundo nombre, Brandon enters 'jhonferre0616@gmail.com' into correo, Brandon select June on mes de nacimiento, Brandon select 16 on dia de nacimiento]]
[Test worker] WARN net.thucydides.core.steps.BaseStepListener - stepStarted: net.thucydides.core.steps.ExecutedStepDescription@6d48131e
[Test worker] WARN net.thucydides.core.steps.BaseStepListener - stepFinished: current outcome:Resgistrarse en la pagina de utest:Given El usuario quiere registrarse en la pagina de utest [Brandon open up [Brandon opens the Utest page], Brandon join t [Brandon clicks on buton de registro]], When El llena el formulario de registro en la pagina de utest
| strFirstName | strLastName | strEmail | strMonth | strDay | strYear | strCity | strZip | strCountry | strComputer | strVersion | strLanguage | strMobil | strModel | strOS | strPassword |
| Jhonatan | Ferreira | jhonferre0616@gmail.com | June | 16 | 1995 | Cúcuta | 540013 | Colombia | Windows | 10 | English | Motorola | Moto G6 Plus | Android 9.0 (Pie) | MiContraseña-2021 | [Brandon fill form [Brandon enters 'Jhonatan' into primer nombre, Brandon enters 'Ferreira' into segundo nombre, Brandon enters 'jhonferre0616@gmail.com' into correo, Brandon select June on mes de nacimiento, Brandon select 16 on dia de nacimiento, Brandon select 1995 on aÃ±o de nacimiento]]
[Test worker] WARN net.thucydides.core.steps.BaseStepListener - stepStarted: net.thucydides.core.steps.ExecutedStepDescription@22374aff
[Test worker] WARN net.thucydides.core.steps.BaseStepListener - stepFinished: current outcome:Resgistrarse en la pagina de utest:Given El usuario quiere registrarse en la pagina de utest [Brandon open up [Brandon opens the Utest page], Brandon join t [Brandon clicks on buton de registro]], When El llena el formulario de registro en la pagina de utest
| strFirstName | strLastName | strEmail | strMonth | strDay | strYear | strCity | strZip | strCountry | strComputer | strVersion | strLanguage | strMobil | strModel | strOS | strPassword |
| Jhonatan | Ferreira | jhonferre0616@gmail.com | June | 16 | 1995 | Cúcuta | 540013 | Colombia | Windows | 10 | English | Motorola | Moto G6 Plus | Android 9.0 (Pie) | MiContraseña-2021 | [Brandon fill form [Brandon enters 'Jhonatan' into primer nombre, Brandon enters 'Ferreira' into segundo nombre, Brandon enters 'jhonferre0616@gmail.com' into correo, Brandon select June on mes de nacimiento, Brandon select 16 on dia de nacimiento, Brandon select 1995 on aÃ±o de nacimiento, Brandon clicks on Primer boton]]
[Test worker] WARN net.thucydides.core.steps.BaseStepListener - stepStarted: net.thucydides.core.steps.ExecutedStepDescription@1e8d2d92
[Test worker] WARN net.thucydides.core.steps.BaseStepListener - stepFinished: current outcome:Resgistrarse en la pagina de utest:Given El usuario quiere registrarse en la pagina de utest [Brandon open up [Brandon opens the Utest page], Brandon join t [Brandon clicks on buton de registro]], When El llena el formulario de registro en la pagina de utest
| strFirstName | strLastName | strEmail | strMonth | strDay | strYear | strCity | strZip | strCountry | strComputer | strVersion | strLanguage | strMobil | strModel | strOS | strPassword |
| Jhonatan | Ferreira | jhonferre0616@gmail.com | June | 16 | 1995 | Cúcuta | 540013 | Colombia | Windows | 10 | English | Motorola | Moto G6 Plus | Android 9.0 (Pie) | MiContraseña-2021 | [Brandon fill form [Brandon enters 'Jhonatan' into primer nombre, Brandon enters 'Ferreira' into segundo nombre, Brandon enters 'jhonferre0616@gmail.com' into correo, Brandon select June on mes de nacimiento, Brandon select 16 on dia de nacimiento, Brandon select 1995 on aÃ±o de nacimiento, Brandon clicks on Primer boton, Brandon enters 'Cúcuta' into Ingresar Ciudad]]
[Test worker] WARN net.thucydides.core.steps.BaseStepListener - stepStarted: net.thucydides.core.steps.ExecutedStepDescription@24c27625
[Test worker] WARN net.thucydides.core.steps.BaseStepListener - stepFinished: current outcome:Resgistrarse en la pagina de utest:Given El usuario quiere registrarse en la pagina de utest [Brandon open up [Brandon opens the Utest page], Brandon join t [Brandon clicks on buton de registro]], When El llena el formulario de registro en la pagina de utest
| strFirstName | strLastName | strEmail | strMonth | strDay | strYear | strCity | strZip | strCountry | strComputer | strVersion | strLanguage | strMobil | strModel | strOS | strPassword |
| Jhonatan | Ferreira | jhonferre0616@gmail.com | June | 16 | 1995 | Cúcuta | 540013 | Colombia | Windows | 10 | English | Motorola | Moto G6 Plus | Android 9.0 (Pie) | MiContraseña-2021 | [Brandon fill form [Brandon enters 'Jhonatan' into primer nombre, Brandon enters 'Ferreira' into segundo nombre, Brandon enters 'jhonferre0616@gmail.com' into correo, Brandon select June on mes de nacimiento, Brandon select 16 on dia de nacimiento, Brandon select 1995 on aÃ±o de nacimiento, Brandon clicks on Primer boton, Brandon enters 'Cúcuta' into Ingresar Ciudad, Brandon enters '540013' into Ingresar Codigo Postal]]
[Test worker] WARN net.thucydides.core.steps.BaseStepListener - stepStarted: net.thucydides.core.steps.ExecutedStepDescription@732c4b68
[Test worker] WARN net.thucydides.core.steps.BaseStepListener - stepFinished: current outcome:Resgistrarse en la pagina de utest:Given El usuario quiere registrarse en la pagina de utest [Brandon open up [Brandon opens the Utest page], Brandon join t [Brandon clicks on buton de registro]], When El llena el formulario de registro en la pagina de utest
| strFirstName | strLastName | strEmail | strMonth | strDay | strYear | strCity | strZip | strCountry | strComputer | strVersion | strLanguage | strMobil | strModel | strOS | strPassword |
| Jhonatan | Ferreira | jhonferre0616@gmail.com | June | 16 | 1995 | Cúcuta | 540013 | Colombia | Windows | 10 | English | Motorola | Moto G6 Plus | Android 9.0 (Pie) | MiContraseña-2021 | [Brandon fill form [Brandon enters 'Jhonatan' into primer nombre, Brandon enters 'Ferreira' into segundo nombre, Brandon enters 'jhonferre0616@gmail.com' into correo, Brandon select June on mes de nacimiento, Brandon select 16 on dia de nacimiento, Brandon select 1995 on aÃ±o de nacimiento, Brandon clicks on Primer boton, Brandon enters 'Cúcuta' into Ingresar Ciudad, Brandon enters '540013' into Ingresar Codigo Postal, Brandon clicks on Seleccionar Pais]]
[Test worker] WARN net.thucydides.core.steps.BaseStepListener - stepStarted: net.thucydides.core.steps.ExecutedStepDescription@50ca74f1
[Test worker] WARN net.thucydides.core.steps.BaseStepListener - stepFinished: current outcome:Resgistrarse en la pagina de utest:Given El usuario quiere registrarse en la pagina de utest [Brandon open up [Brandon opens the Utest page], Brandon join t [Brandon clicks on buton de registro]], When El llena el formulario de registro en la pagina de utest
| strFirstName | strLastName | strEmail | strMonth | strDay | strYear | strCity | strZip | strCountry | strComputer | strVersion | strLanguage | strMobil | strModel | strOS | strPassword |
| Jhonatan | Ferreira | jhonferre0616@gmail.com | June | 16 | 1995 | Cúcuta | 540013 | Colombia | Windows | 10 | English | Motorola | Moto G6 Plus | Android 9.0 (Pie) | MiContraseña-2021 | [Brandon fill form [Brandon enters 'Jhonatan' into primer nombre, Brandon enters 'Ferreira' into segundo nombre, Brandon enters 'jhonferre0616@gmail.com' into correo, Brandon select June on mes de nacimiento, Brandon select 16 on dia de nacimiento, Brandon select 1995 on aÃ±o de nacimiento, Brandon clicks on Primer boton, Brandon enters 'Cúcuta' into Ingresar Ciudad, Brandon enters '540013' into Ingresar Codigo Postal, Brandon clicks on Seleccionar Pais, Brandon clicks on Segundo Boton]]
[Test worker] WARN net.thucydides.core.steps.BaseStepListener - stepFinished: current outcome:Resgistrarse en la pagina de utest:Given El usuario quiere registrarse en la pagina de utest [Brandon open up [Brandon opens the Utest page], Brandon join t [Brandon clicks on buton de registro]], When El llena el formulario de registro en la pagina de utest
| strFirstName | strLastName | strEmail | strMonth | strDay | strYear | strCity | strZip | strCountry | strComputer | strVersion | strLanguage | strMobil | strModel | strOS | strPassword |
| Jhonatan | Ferreira | jhonferre0616@gmail.com | June | 16 | 1995 | Cúcuta | 540013 | Colombia | Windows | 10 | English | Motorola | Moto G6 Plus | Android 9.0 (Pie) | MiContraseña-2021 | [Brandon fill form [Brandon enters 'Jhonatan' into primer nombre, Brandon enters 'Ferreira' into segundo nombre, Brandon enters 'jhonferre0616@gmail.com' into correo, Brandon select June on mes de nacimiento, Brandon select 16 on dia de nacimiento, Brandon select 1995 on aÃ±o de nacimiento, Brandon clicks on Primer boton, Brandon enters 'Cúcuta' into Ingresar Ciudad, Brandon enters '540013' into Ingresar Codigo Postal, Brandon clicks on Seleccionar Pais, Brandon clicks on Segundo Boton]]
[Test worker] WARN net.thucydides.core.steps.BaseStepListener - stepFinished: current outcome:Resgistrarse en la pagina de utest:Given El usuario quiere registrarse en la pagina de utest [Brandon open up [Brandon opens the Utest page], Brandon join t [Brandon clicks on buton de registro]], When El llena el formulario de registro en la pagina de utest
| strFirstName | strLastName | strEmail | strMonth | strDay | strYear | strCity | strZip | strCountry | strComputer | strVersion | strLanguage | strMobil | strModel | strOS | strPassword |
| Jhonatan | Ferreira | jhonferre0616@gmail.com | June | 16 | 1995 | Cúcuta | 540013 | Colombia | Windows | 10 | English | Motorola | Moto G6 Plus | Android 9.0 (Pie) | MiContraseña-2021 | [Brandon fill form [Brandon enters 'Jhonatan' into primer nombre, Brandon enters 'Ferreira' into segundo nombre, Brandon enters 'jhonferre0616@gmail.com' into correo, Brandon select June on mes de nacimiento, Brandon select 16 on dia de nacimiento, Brandon select 1995 on aÃ±o de nacimiento, Brandon clicks on Primer boton, Brandon enters 'Cúcuta' into Ingresar Ciudad, Brandon enters '540013' into Ingresar Codigo Postal, Brandon clicks on Seleccionar Pais, Brandon clicks on Segundo Boton]]
[Test worker] WARN net.thucydides.core.steps.BaseStepListener - stepStarted: net.thucydides.core.steps.ExecutedStepDescription@4e150c70
[Test worker] WARN net.thucydides.core.steps.BaseStepListener - stepFinished: current outcome:Resgistrarse en la pagina de utest:Given El usuario quiere registrarse en la pagina de utest [Brandon open up [Brandon opens the Utest page], Brandon join t [Brandon clicks on buton de registro]], When El llena el formulario de registro en la pagina de utest
| strFirstName | strLastName | strEmail | strMonth | strDay | strYear | strCity | strZip | strCountry | strComputer | strVersion | strLanguage | strMobil | strModel | strOS | strPassword |
| Jhonatan | Ferreira | jhonferre0616@gmail.com | June | 16 | 1995 | Cúcuta | 540013 | Colombia | Windows | 10 | English | Motorola | Moto G6 Plus | Android 9.0 (Pie) | MiContraseña-2021 | [Brandon fill form [Brandon enters 'Jhonatan' into primer nombre, Brandon enters 'Ferreira' into segundo nombre, Brandon enters 'jhonferre0616@gmail.com' into correo, Brandon select June on mes de nacimiento, Brandon select 16 on dia de nacimiento, Brandon select 1995 on aÃ±o de nacimiento, Brandon clicks on Primer boton, Brandon enters 'Cúcuta' into Ingresar Ciudad, Brandon enters '540013' into Ingresar Codigo Postal, Brandon clicks on Seleccionar Pais, Brandon clicks on Segundo Boton]], Then el termina el registro satisfactoriamente
[Test worker] WARN net.thucydides.core.steps.BaseStepListener - testFinished: Resgistrarse en la pagina de utest:Given El usuario quiere registrarse en la pagina de utest [Brandon open up [Brandon opens the Utest page], Brandon join t [Brandon clicks on buton de registro]], When El llena el formulario de registro en la pagina de utest
| strFirstName | strLastName | strEmail | strMonth | strDay | strYear | strCity | strZip | strCountry | strComputer | strVersion | strLanguage | strMobil | strModel | strOS | strPassword |
| Jhonatan | Ferreira | jhonferre0616@gmail.com | June | 16 | 1995 | Cúcuta | 540013 | Colombia | Windows | 10 | English | Motorola | Moto G6 Plus | Android 9.0 (Pie) | MiContraseña-2021 | [Brandon fill form [Brandon enters 'Jhonatan' into primer nombre, Brandon enters 'Ferreira' into segundo nombre, Brandon enters 'jhonferre0616@gmail.com' into correo, Brandon select June on mes de nacimiento, Brandon select 16 on dia de nacimiento, Brandon select 1995 on aÃ±o de nacimiento, Brandon clicks on Primer boton, Brandon enters 'Cúcuta' into Ingresar Ciudad, Brandon enters '540013' into Ingresar Codigo Postal, Brandon clicks on Seleccionar Pais, Brandon clicks on Segundo Boton]], Then el termina el registro satisfactoriamente
[Test worker] WARN net.thucydides.core.steps.BaseStepListener - TestOutcomes: [Resgistrarse en la pagina de utest:Given El usuario quiere registrarse en la pagina de utest [Brandon open up [Brandon opens the Utest page], Brandon join t [Brandon clicks on buton de registro]], When El llena el formulario de registro en la pagina de utest
| strFirstName | strLastName | strEmail | strMonth | strDay | strYear | strCity | strZip | strCountry | strComputer | strVersion | strLanguage | strMobil | strModel | strOS | strPassword |
| Jhonatan | Ferreira | jhonferre0616@gmail.com | June | 16 | 1995 | Cúcuta | 540013 | Colombia | Windows | 10 | English | Motorola | Moto G6 Plus | Android 9.0 (Pie) | MiContraseña-2021 | [Brandon fill form [Brandon enters 'Jhonatan' into primer nombre, Brandon enters 'Ferreira' into segundo nombre, Brandon enters 'jhonferre0616@gmail.com' into correo, Brandon select June on mes de nacimiento, Brandon select 16 on dia de nacimiento, Brandon select 1995 on aÃ±o de nacimiento, Brandon clicks on Primer boton, Brandon enters 'Cúcuta' into Ingresar Ciudad, Brandon enters '540013' into Ingresar Codigo Postal, Brandon clicks on Seleccionar Pais, Brandon clicks on Segundo Boton]], Then el termina el registro satisfactoriamente]
[Test worker] WARN net.thucydides.core.steps.BaseStepListener - Final testOutcomes: [Resgistrarse en la pagina de utest:Given El usuario quiere registrarse en la pagina de utest [Brandon open up [Brandon opens the Utest page], Brandon join t [Brandon clicks on buton de registro]], When El llena el formulario de registro en la pagina de utest
| strFirstName | strLastName | strEmail | strMonth | strDay | strYear | strCity | strZip | strCountry | strComputer | strVersion | strLanguage | strMobil | strModel | strOS | strPassword |
| Jhonatan | Ferreira | jhonferre0616@gmail.com | June | 16 | 1995 | Cúcuta | 540013 | Colombia | Windows | 10 | English | Motorola | Moto G6 Plus | Android 9.0 (Pie) | MiContraseña-2021 | [Brandon fill form [Brandon enters 'Jhonatan' into primer nombre, Brandon enters 'Ferreira' into segundo nombre, Brandon enters 'jhonferre0616@gmail.com' into correo, Brandon select June on mes de nacimiento, Brandon select 16 on dia de nacimiento, Brandon select 1995 on aÃ±o de nacimiento, Brandon clicks on Primer boton, Brandon enters 'Cúcuta' into Ingresar Ciudad, Brandon enters '540013' into Ingresar Codigo Postal, Brandon clicks on Seleccionar Pais, Brandon clicks on Segundo Boton]], Then el termina el registro satisfactoriamente]
[Test worker] INFO net.thucydides.core.steps.ConsoleLoggingListener - 
        __    _____ _____ ____ _____   ____   _    ____  ____  _____ ____  
  _     \ \  |_   _| ____/ ___|_   _| |  _ \ / \  / ___|/ ___|| ____|  _ \ 
 (_)_____| |   | | |  _| \___ \ | |   | |_) / _ \ \___ \\___ \|  _| | | | |
  _|_____| |   | | | |___ ___) || |   |  __/ ___ \ ___) |___) | |___| |_| |
 (_)     | |   |_| |_____|____/ |_|   |_| /_/   \_\____/|____/|_____|____/ 
        /_/                                                                

TEST PASSED: Resgistrarse en la pagina de utest
----------------------------------------------------------------------------
]]></system-err>
</testsuite>
