<?xml version="1.0" encoding="UTF-8"?>
<testsuite name="Prueba tecnica" tests="1" skipped="0" failures="0" errors="0" timestamp="2021-02-13T13:04:45" hostname="DESKTOP-JFL57R2" time="26.541">
  <properties/>
  <testcase name="Resgistrarse en la pagina de utest" classname="Prueba tecnica" time="26.541"/>
  <system-out><![CDATA[]]></system-out>
  <system-err><![CDATA[[Test worker] WARN net.thucydides.core.steps.BaseStepListener - stepStarted: net.thucydides.core.steps.ExecutedStepDescription@50a5a1ec
[Test worker] WARN net.thucydides.core.steps.BaseStepListener - stepStarted: net.thucydides.core.steps.ExecutedStepDescription@13be5f35
[Test worker] WARN net.thucydides.core.steps.BaseStepListener - stepStarted: net.thucydides.core.steps.ExecutedStepDescription@20cb453b
Feb 13, 2021 8:04:45 AM org.openqa.selenium.remote.DesiredCapabilities chrome
INFO: Using `new ChromeOptions()` is preferred to `DesiredCapabilities.chrome()`
[Test worker] INFO net.serenitybdd.core.webdriver.driverproviders.ProvideNewDriver - Instantiating driver
[Test worker] INFO net.serenitybdd.core.webdriver.driverproviders.ProvideNewDriver - Driver capabilities: Capabilities {acceptInsecureCerts: false, browserName: chrome, chrome.switches: --start-maximized, goog:chromeOptions: {args: [--start-maximized], extensions: []}, loggingPrefs: org.openqa.selenium.logging..., platform: ANY, version: }
Starting ChromeDriver 88.0.4324.27 (6347fe8bf1e48bd0c54d07dc55ca011cf40861c9-refs/branch-heads/4324@{#450}) on port 17058
Only local connections are allowed.
Please see https://chromedriver.chromium.org/security-considerations for suggestions on keeping ChromeDriver safe.
ChromeDriver was started successfully.
Feb 13, 2021 8:04:48 AM org.openqa.selenium.remote.ProtocolHandshake createSession
INFO: Detected dialect: W3C
[Test worker] WARN net.thucydides.core.steps.BaseStepListener - stepFinished: current outcome:Resgistrarse en la pagina de utest:Given El usuario quiere registrarse en la pagina de utest [Brandon open up [Brandon opens the Utest page]]
[Test worker] WARN net.thucydides.core.steps.BaseStepListener - stepFinished: current outcome:Resgistrarse en la pagina de utest:Given El usuario quiere registrarse en la pagina de utest [Brandon open up [Brandon opens the Utest page]]
[Test worker] WARN net.thucydides.core.steps.BaseStepListener - stepStarted: net.thucydides.core.steps.ExecutedStepDescription@867d0ea
[Test worker] WARN net.thucydides.core.steps.BaseStepListener - stepStarted: net.thucydides.core.steps.ExecutedStepDescription@389e0284
[Test worker] WARN net.thucydides.core.steps.BaseStepListener - stepFinished: current outcome:Resgistrarse en la pagina de utest:Given El usuario quiere registrarse en la pagina de utest [Brandon open up [Brandon opens the Utest page], Brandon join t [Brandon clicks on buton de registro]]
[Test worker] WARN net.thucydides.core.steps.BaseStepListener - stepFinished: current outcome:Resgistrarse en la pagina de utest:Given El usuario quiere registrarse en la pagina de utest [Brandon open up [Brandon opens the Utest page], Brandon join t [Brandon clicks on buton de registro]]
[Test worker] WARN net.thucydides.core.steps.BaseStepListener - stepFinished: current outcome:Resgistrarse en la pagina de utest:Given El usuario quiere registrarse en la pagina de utest [Brandon open up [Brandon opens the Utest page], Brandon join t [Brandon clicks on buton de registro]]
[Test worker] WARN net.thucydides.core.steps.BaseStepListener - stepStarted: net.thucydides.core.steps.ExecutedStepDescription@74b3c5f9
[Test worker] WARN net.thucydides.core.steps.BaseStepListener - stepStarted: net.thucydides.core.steps.ExecutedStepDescription@eac3ab7
[Test worker] WARN net.thucydides.core.steps.BaseStepListener - stepStarted: net.thucydides.core.steps.ExecutedStepDescription@5234daa4
[Test worker] WARN net.thucydides.core.steps.BaseStepListener - stepFinished: current outcome:Resgistrarse en la pagina de utest:Given El usuario quiere registrarse en la pagina de utest [Brandon open up [Brandon opens the Utest page], Brandon join t [Brandon clicks on buton de registro]], When El llena el formulario de registro en la pagina de utest
| strFirstName | strLastName | strEmail | strMonth | strDay | strYear | strCity | strZip | strCountry | strComputer | strVersion | strLanguage | strMobil | strModel | strOS | strPassword |
| Jhonatan | Ferreira | jhonatanferreira0616@gmail.com | June | 16 | 1995 | Cúcuta | 540013 | Colombia | Windows | 10 | English | Motorola | Moto G6 Plus | Android 9.0 (Pie) | MiContraseña-2021 | [Brandon fill form [Brandon enters 'Jhonatan' into primer nombre]]
[Test worker] WARN net.thucydides.core.steps.BaseStepListener - stepStarted: net.thucydides.core.steps.ExecutedStepDescription@77940cb6
[Test worker] WARN net.thucydides.core.steps.BaseStepListener - stepFinished: current outcome:Resgistrarse en la pagina de utest:Given El usuario quiere registrarse en la pagina de utest [Brandon open up [Brandon opens the Utest page], Brandon join t [Brandon clicks on buton de registro]], When El llena el formulario de registro en la pagina de utest
| strFirstName | strLastName | strEmail | strMonth | strDay | strYear | strCity | strZip | strCountry | strComputer | strVersion | strLanguage | strMobil | strModel | strOS | strPassword |
| Jhonatan | Ferreira | jhonatanferreira0616@gmail.com | June | 16 | 1995 | Cúcuta | 540013 | Colombia | Windows | 10 | English | Motorola | Moto G6 Plus | Android 9.0 (Pie) | MiContraseña-2021 | [Brandon fill form [Brandon enters 'Jhonatan' into primer nombre, Brandon enters 'Ferreira' into segundo nombre]]
[Test worker] WARN net.thucydides.core.steps.BaseStepListener - stepStarted: net.thucydides.core.steps.ExecutedStepDescription@5e24b59
[Test worker] WARN net.thucydides.core.steps.BaseStepListener - stepFinished: current outcome:Resgistrarse en la pagina de utest:Given El usuario quiere registrarse en la pagina de utest [Brandon open up [Brandon opens the Utest page], Brandon join t [Brandon clicks on buton de registro]], When El llena el formulario de registro en la pagina de utest
| strFirstName | strLastName | strEmail | strMonth | strDay | strYear | strCity | strZip | strCountry | strComputer | strVersion | strLanguage | strMobil | strModel | strOS | strPassword |
| Jhonatan | Ferreira | jhonatanferreira0616@gmail.com | June | 16 | 1995 | Cúcuta | 540013 | Colombia | Windows | 10 | English | Motorola | Moto G6 Plus | Android 9.0 (Pie) | MiContraseña-2021 | [Brandon fill form [Brandon enters 'Jhonatan' into primer nombre, Brandon enters 'Ferreira' into segundo nombre, Brandon enters 'jhonatanferreira0616@gmail.com' into correo]]
[Test worker] WARN net.thucydides.core.steps.BaseStepListener - stepStarted: net.thucydides.core.steps.ExecutedStepDescription@bc5bcb9
[Test worker] WARN net.thucydides.core.steps.BaseStepListener - stepFinished: current outcome:Resgistrarse en la pagina de utest:Given El usuario quiere registrarse en la pagina de utest [Brandon open up [Brandon opens the Utest page], Brandon join t [Brandon clicks on buton de registro]], When El llena el formulario de registro en la pagina de utest
| strFirstName | strLastName | strEmail | strMonth | strDay | strYear | strCity | strZip | strCountry | strComputer | strVersion | strLanguage | strMobil | strModel | strOS | strPassword |
| Jhonatan | Ferreira | jhonatanferreira0616@gmail.com | June | 16 | 1995 | Cúcuta | 540013 | Colombia | Windows | 10 | English | Motorola | Moto G6 Plus | Android 9.0 (Pie) | MiContraseña-2021 | [Brandon fill form [Brandon enters 'Jhonatan' into primer nombre, Brandon enters 'Ferreira' into segundo nombre, Brandon enters 'jhonatanferreira0616@gmail.com' into correo, Brandon select June on mes de nacimiento]]
[Test worker] WARN net.thucydides.core.steps.BaseStepListener - stepStarted: net.thucydides.core.steps.ExecutedStepDescription@6ce3374
[Test worker] WARN net.thucydides.core.steps.BaseStepListener - stepFinished: current outcome:Resgistrarse en la pagina de utest:Given El usuario quiere registrarse en la pagina de utest [Brandon open up [Brandon opens the Utest page], Brandon join t [Brandon clicks on buton de registro]], When El llena el formulario de registro en la pagina de utest
| strFirstName | strLastName | strEmail | strMonth | strDay | strYear | strCity | strZip | strCountry | strComputer | strVersion | strLanguage | strMobil | strModel | strOS | strPassword |
| Jhonatan | Ferreira | jhonatanferreira0616@gmail.com | June | 16 | 1995 | Cúcuta | 540013 | Colombia | Windows | 10 | English | Motorola | Moto G6 Plus | Android 9.0 (Pie) | MiContraseña-2021 | [Brandon fill form [Brandon enters 'Jhonatan' into primer nombre, Brandon enters 'Ferreira' into segundo nombre, Brandon enters 'jhonatanferreira0616@gmail.com' into correo, Brandon select June on mes de nacimiento, Brandon select 16 on dia de nacimiento]]
[Test worker] WARN net.thucydides.core.steps.BaseStepListener - stepStarted: net.thucydides.core.steps.ExecutedStepDescription@6aa0c897
[Test worker] WARN net.thucydides.core.steps.BaseStepListener - stepFinished: current outcome:Resgistrarse en la pagina de utest:Given El usuario quiere registrarse en la pagina de utest [Brandon open up [Brandon opens the Utest page], Brandon join t [Brandon clicks on buton de registro]], When El llena el formulario de registro en la pagina de utest
| strFirstName | strLastName | strEmail | strMonth | strDay | strYear | strCity | strZip | strCountry | strComputer | strVersion | strLanguage | strMobil | strModel | strOS | strPassword |
| Jhonatan | Ferreira | jhonatanferreira0616@gmail.com | June | 16 | 1995 | Cúcuta | 540013 | Colombia | Windows | 10 | English | Motorola | Moto G6 Plus | Android 9.0 (Pie) | MiContraseña-2021 | [Brandon fill form [Brandon enters 'Jhonatan' into primer nombre, Brandon enters 'Ferreira' into segundo nombre, Brandon enters 'jhonatanferreira0616@gmail.com' into correo, Brandon select June on mes de nacimiento, Brandon select 16 on dia de nacimiento, Brandon select 1995 on aÃ±o de nacimiento]]
[Test worker] WARN net.thucydides.core.steps.BaseStepListener - stepStarted: net.thucydides.core.steps.ExecutedStepDescription@5f9eb88a
[Test worker] WARN net.thucydides.core.steps.BaseStepListener - stepFinished: current outcome:Resgistrarse en la pagina de utest:Given El usuario quiere registrarse en la pagina de utest [Brandon open up [Brandon opens the Utest page], Brandon join t [Brandon clicks on buton de registro]], When El llena el formulario de registro en la pagina de utest
| strFirstName | strLastName | strEmail | strMonth | strDay | strYear | strCity | strZip | strCountry | strComputer | strVersion | strLanguage | strMobil | strModel | strOS | strPassword |
| Jhonatan | Ferreira | jhonatanferreira0616@gmail.com | June | 16 | 1995 | Cúcuta | 540013 | Colombia | Windows | 10 | English | Motorola | Moto G6 Plus | Android 9.0 (Pie) | MiContraseña-2021 | [Brandon fill form [Brandon enters 'Jhonatan' into primer nombre, Brandon enters 'Ferreira' into segundo nombre, Brandon enters 'jhonatanferreira0616@gmail.com' into correo, Brandon select June on mes de nacimiento, Brandon select 16 on dia de nacimiento, Brandon select 1995 on aÃ±o de nacimiento, Brandon clicks on Primer boton]]
[Test worker] WARN net.thucydides.core.steps.BaseStepListener - stepStarted: net.thucydides.core.steps.ExecutedStepDescription@e2a3f57
[Test worker] WARN net.thucydides.core.steps.BaseStepListener - stepFinished: current outcome:Resgistrarse en la pagina de utest:Given El usuario quiere registrarse en la pagina de utest [Brandon open up [Brandon opens the Utest page], Brandon join t [Brandon clicks on buton de registro]], When El llena el formulario de registro en la pagina de utest
| strFirstName | strLastName | strEmail | strMonth | strDay | strYear | strCity | strZip | strCountry | strComputer | strVersion | strLanguage | strMobil | strModel | strOS | strPassword |
| Jhonatan | Ferreira | jhonatanferreira0616@gmail.com | June | 16 | 1995 | Cúcuta | 540013 | Colombia | Windows | 10 | English | Motorola | Moto G6 Plus | Android 9.0 (Pie) | MiContraseña-2021 | [Brandon fill form [Brandon enters 'Jhonatan' into primer nombre, Brandon enters 'Ferreira' into segundo nombre, Brandon enters 'jhonatanferreira0616@gmail.com' into correo, Brandon select June on mes de nacimiento, Brandon select 16 on dia de nacimiento, Brandon select 1995 on aÃ±o de nacimiento, Brandon clicks on Primer boton, Brandon enters 'Cúcuta' into Ingresar Ciudad]]
[Test worker] WARN net.thucydides.core.steps.BaseStepListener - stepStarted: net.thucydides.core.steps.ExecutedStepDescription@2cac4cc3
[Test worker] WARN net.thucydides.core.steps.BaseStepListener - stepFinished: current outcome:Resgistrarse en la pagina de utest:Given El usuario quiere registrarse en la pagina de utest [Brandon open up [Brandon opens the Utest page], Brandon join t [Brandon clicks on buton de registro]], When El llena el formulario de registro en la pagina de utest
| strFirstName | strLastName | strEmail | strMonth | strDay | strYear | strCity | strZip | strCountry | strComputer | strVersion | strLanguage | strMobil | strModel | strOS | strPassword |
| Jhonatan | Ferreira | jhonatanferreira0616@gmail.com | June | 16 | 1995 | Cúcuta | 540013 | Colombia | Windows | 10 | English | Motorola | Moto G6 Plus | Android 9.0 (Pie) | MiContraseña-2021 | [Brandon fill form [Brandon enters 'Jhonatan' into primer nombre, Brandon enters 'Ferreira' into segundo nombre, Brandon enters 'jhonatanferreira0616@gmail.com' into correo, Brandon select June on mes de nacimiento, Brandon select 16 on dia de nacimiento, Brandon select 1995 on aÃ±o de nacimiento, Brandon clicks on Primer boton, Brandon enters 'Cúcuta' into Ingresar Ciudad, Brandon enters '540013' into Ingresar Codigo Postal]]
[Test worker] WARN net.thucydides.core.steps.BaseStepListener - stepStarted: net.thucydides.core.steps.ExecutedStepDescription@3b40ce70
[Test worker] WARN net.thucydides.core.steps.BaseStepListener - stepFinished: current outcome:Resgistrarse en la pagina de utest:Given El usuario quiere registrarse en la pagina de utest [Brandon open up [Brandon opens the Utest page], Brandon join t [Brandon clicks on buton de registro]], When El llena el formulario de registro en la pagina de utest
| strFirstName | strLastName | strEmail | strMonth | strDay | strYear | strCity | strZip | strCountry | strComputer | strVersion | strLanguage | strMobil | strModel | strOS | strPassword |
| Jhonatan | Ferreira | jhonatanferreira0616@gmail.com | June | 16 | 1995 | Cúcuta | 540013 | Colombia | Windows | 10 | English | Motorola | Moto G6 Plus | Android 9.0 (Pie) | MiContraseña-2021 | [Brandon fill form [Brandon enters 'Jhonatan' into primer nombre, Brandon enters 'Ferreira' into segundo nombre, Brandon enters 'jhonatanferreira0616@gmail.com' into correo, Brandon select June on mes de nacimiento, Brandon select 16 on dia de nacimiento, Brandon select 1995 on aÃ±o de nacimiento, Brandon clicks on Primer boton, Brandon enters 'Cúcuta' into Ingresar Ciudad, Brandon enters '540013' into Ingresar Codigo Postal, Brandon clicks on Segundo Boton]]
[Test worker] WARN net.thucydides.core.steps.BaseStepListener - stepStarted: net.thucydides.core.steps.ExecutedStepDescription@72f8abae
[Test worker] WARN net.thucydides.core.steps.BaseStepListener - stepFinished: current outcome:Resgistrarse en la pagina de utest:Given El usuario quiere registrarse en la pagina de utest [Brandon open up [Brandon opens the Utest page], Brandon join t [Brandon clicks on buton de registro]], When El llena el formulario de registro en la pagina de utest
| strFirstName | strLastName | strEmail | strMonth | strDay | strYear | strCity | strZip | strCountry | strComputer | strVersion | strLanguage | strMobil | strModel | strOS | strPassword |
| Jhonatan | Ferreira | jhonatanferreira0616@gmail.com | June | 16 | 1995 | Cúcuta | 540013 | Colombia | Windows | 10 | English | Motorola | Moto G6 Plus | Android 9.0 (Pie) | MiContraseña-2021 | [Brandon fill form [Brandon enters 'Jhonatan' into primer nombre, Brandon enters 'Ferreira' into segundo nombre, Brandon enters 'jhonatanferreira0616@gmail.com' into correo, Brandon select June on mes de nacimiento, Brandon select 16 on dia de nacimiento, Brandon select 1995 on aÃ±o de nacimiento, Brandon clicks on Primer boton, Brandon enters 'Cúcuta' into Ingresar Ciudad, Brandon enters '540013' into Ingresar Codigo Postal, Brandon clicks on Segundo Boton, Brandon clicks on Tercer Boton]]
[Test worker] WARN net.thucydides.core.steps.BaseStepListener - stepStarted: net.thucydides.core.steps.ExecutedStepDescription@4e8b553d
[Test worker] WARN net.thucydides.core.steps.BaseStepListener - stepFinished: current outcome:Resgistrarse en la pagina de utest:Given El usuario quiere registrarse en la pagina de utest [Brandon open up [Brandon opens the Utest page], Brandon join t [Brandon clicks on buton de registro]], When El llena el formulario de registro en la pagina de utest
| strFirstName | strLastName | strEmail | strMonth | strDay | strYear | strCity | strZip | strCountry | strComputer | strVersion | strLanguage | strMobil | strModel | strOS | strPassword |
| Jhonatan | Ferreira | jhonatanferreira0616@gmail.com | June | 16 | 1995 | Cúcuta | 540013 | Colombia | Windows | 10 | English | Motorola | Moto G6 Plus | Android 9.0 (Pie) | MiContraseña-2021 | [Brandon fill form [Brandon enters 'Jhonatan' into primer nombre, Brandon enters 'Ferreira' into segundo nombre, Brandon enters 'jhonatanferreira0616@gmail.com' into correo, Brandon select June on mes de nacimiento, Brandon select 16 on dia de nacimiento, Brandon select 1995 on aÃ±o de nacimiento, Brandon clicks on Primer boton, Brandon enters 'Cúcuta' into Ingresar Ciudad, Brandon enters '540013' into Ingresar Codigo Postal, Brandon clicks on Segundo Boton, Brandon clicks on Tercer Boton, Brandon enters 'MiContraseña-2021' into Ingresar ContraseÃ±a]]
[Test worker] WARN net.thucydides.core.steps.BaseStepListener - stepStarted: net.thucydides.core.steps.ExecutedStepDescription@26c25877
[Test worker] WARN net.thucydides.core.steps.BaseStepListener - stepFinished: current outcome:Resgistrarse en la pagina de utest:Given El usuario quiere registrarse en la pagina de utest [Brandon open up [Brandon opens the Utest page], Brandon join t [Brandon clicks on buton de registro]], When El llena el formulario de registro en la pagina de utest
| strFirstName | strLastName | strEmail | strMonth | strDay | strYear | strCity | strZip | strCountry | strComputer | strVersion | strLanguage | strMobil | strModel | strOS | strPassword |
| Jhonatan | Ferreira | jhonatanferreira0616@gmail.com | June | 16 | 1995 | Cúcuta | 540013 | Colombia | Windows | 10 | English | Motorola | Moto G6 Plus | Android 9.0 (Pie) | MiContraseña-2021 | [Brandon fill form [Brandon enters 'Jhonatan' into primer nombre, Brandon enters 'Ferreira' into segundo nombre, Brandon enters 'jhonatanferreira0616@gmail.com' into correo, Brandon select June on mes de nacimiento, Brandon select 16 on dia de nacimiento, Brandon select 1995 on aÃ±o de nacimiento, Brandon clicks on Primer boton, Brandon enters 'Cúcuta' into Ingresar Ciudad, Brandon enters '540013' into Ingresar Codigo Postal, Brandon clicks on Segundo Boton, Brandon clicks on Tercer Boton, Brandon enters 'MiContraseña-2021' into Ingresar ContraseÃ±a, Brandon enters 'MiContraseña-2021' into Confirmar contraseÃ±a]]
[Test worker] WARN net.thucydides.core.steps.BaseStepListener - stepStarted: net.thucydides.core.steps.ExecutedStepDescription@591a410f
[Test worker] WARN net.thucydides.core.steps.BaseStepListener - stepFinished: current outcome:Resgistrarse en la pagina de utest:Given El usuario quiere registrarse en la pagina de utest [Brandon open up [Brandon opens the Utest page], Brandon join t [Brandon clicks on buton de registro]], When El llena el formulario de registro en la pagina de utest
| strFirstName | strLastName | strEmail | strMonth | strDay | strYear | strCity | strZip | strCountry | strComputer | strVersion | strLanguage | strMobil | strModel | strOS | strPassword |
| Jhonatan | Ferreira | jhonatanferreira0616@gmail.com | June | 16 | 1995 | Cúcuta | 540013 | Colombia | Windows | 10 | English | Motorola | Moto G6 Plus | Android 9.0 (Pie) | MiContraseña-2021 | [Brandon fill form [Brandon enters 'Jhonatan' into primer nombre, Brandon enters 'Ferreira' into segundo nombre, Brandon enters 'jhonatanferreira0616@gmail.com' into correo, Brandon select June on mes de nacimiento, Brandon select 16 on dia de nacimiento, Brandon select 1995 on aÃ±o de nacimiento, Brandon clicks on Primer boton, Brandon enters 'Cúcuta' into Ingresar Ciudad, Brandon enters '540013' into Ingresar Codigo Postal, Brandon clicks on Segundo Boton, Brandon clicks on Tercer Boton, Brandon enters 'MiContraseña-2021' into Ingresar ContraseÃ±a, Brandon enters 'MiContraseña-2021' into Confirmar contraseÃ±a, Brandon clicks on Aceptar terminos]]
[Test worker] WARN net.thucydides.core.steps.BaseStepListener - stepStarted: net.thucydides.core.steps.ExecutedStepDescription@5da7e9ca
[Test worker] WARN net.thucydides.core.steps.BaseStepListener - stepFinished: current outcome:Resgistrarse en la pagina de utest:Given El usuario quiere registrarse en la pagina de utest [Brandon open up [Brandon opens the Utest page], Brandon join t [Brandon clicks on buton de registro]], When El llena el formulario de registro en la pagina de utest
| strFirstName | strLastName | strEmail | strMonth | strDay | strYear | strCity | strZip | strCountry | strComputer | strVersion | strLanguage | strMobil | strModel | strOS | strPassword |
| Jhonatan | Ferreira | jhonatanferreira0616@gmail.com | June | 16 | 1995 | Cúcuta | 540013 | Colombia | Windows | 10 | English | Motorola | Moto G6 Plus | Android 9.0 (Pie) | MiContraseña-2021 | [Brandon fill form [Brandon enters 'Jhonatan' into primer nombre, Brandon enters 'Ferreira' into segundo nombre, Brandon enters 'jhonatanferreira0616@gmail.com' into correo, Brandon select June on mes de nacimiento, Brandon select 16 on dia de nacimiento, Brandon select 1995 on aÃ±o de nacimiento, Brandon clicks on Primer boton, Brandon enters 'Cúcuta' into Ingresar Ciudad, Brandon enters '540013' into Ingresar Codigo Postal, Brandon clicks on Segundo Boton, Brandon clicks on Tercer Boton, Brandon enters 'MiContraseña-2021' into Ingresar ContraseÃ±a, Brandon enters 'MiContraseña-2021' into Confirmar contraseÃ±a, Brandon clicks on Aceptar terminos, Brandon clicks on Aceptar politicas]]
[Test worker] WARN net.thucydides.core.steps.BaseStepListener - stepStarted: net.thucydides.core.steps.ExecutedStepDescription@48cdedbe
[Test worker] WARN net.thucydides.core.steps.BaseStepListener - stepFinished: current outcome:Resgistrarse en la pagina de utest:Given El usuario quiere registrarse en la pagina de utest [Brandon open up [Brandon opens the Utest page], Brandon join t [Brandon clicks on buton de registro]], When El llena el formulario de registro en la pagina de utest
| strFirstName | strLastName | strEmail | strMonth | strDay | strYear | strCity | strZip | strCountry | strComputer | strVersion | strLanguage | strMobil | strModel | strOS | strPassword |
| Jhonatan | Ferreira | jhonatanferreira0616@gmail.com | June | 16 | 1995 | Cúcuta | 540013 | Colombia | Windows | 10 | English | Motorola | Moto G6 Plus | Android 9.0 (Pie) | MiContraseña-2021 | [Brandon fill form [Brandon enters 'Jhonatan' into primer nombre, Brandon enters 'Ferreira' into segundo nombre, Brandon enters 'jhonatanferreira0616@gmail.com' into correo, Brandon select June on mes de nacimiento, Brandon select 16 on dia de nacimiento, Brandon select 1995 on aÃ±o de nacimiento, Brandon clicks on Primer boton, Brandon enters 'Cúcuta' into Ingresar Ciudad, Brandon enters '540013' into Ingresar Codigo Postal, Brandon clicks on Segundo Boton, Brandon clicks on Tercer Boton, Brandon enters 'MiContraseña-2021' into Ingresar ContraseÃ±a, Brandon enters 'MiContraseña-2021' into Confirmar contraseÃ±a, Brandon clicks on Aceptar terminos, Brandon clicks on Aceptar politicas, Brandon clicks on Cuarto Boton]]
[Test worker] WARN net.thucydides.core.steps.BaseStepListener - stepFinished: current outcome:Resgistrarse en la pagina de utest:Given El usuario quiere registrarse en la pagina de utest [Brandon open up [Brandon opens the Utest page], Brandon join t [Brandon clicks on buton de registro]], When El llena el formulario de registro en la pagina de utest
| strFirstName | strLastName | strEmail | strMonth | strDay | strYear | strCity | strZip | strCountry | strComputer | strVersion | strLanguage | strMobil | strModel | strOS | strPassword |
| Jhonatan | Ferreira | jhonatanferreira0616@gmail.com | June | 16 | 1995 | Cúcuta | 540013 | Colombia | Windows | 10 | English | Motorola | Moto G6 Plus | Android 9.0 (Pie) | MiContraseña-2021 | [Brandon fill form [Brandon enters 'Jhonatan' into primer nombre, Brandon enters 'Ferreira' into segundo nombre, Brandon enters 'jhonatanferreira0616@gmail.com' into correo, Brandon select June on mes de nacimiento, Brandon select 16 on dia de nacimiento, Brandon select 1995 on aÃ±o de nacimiento, Brandon clicks on Primer boton, Brandon enters 'Cúcuta' into Ingresar Ciudad, Brandon enters '540013' into Ingresar Codigo Postal, Brandon clicks on Segundo Boton, Brandon clicks on Tercer Boton, Brandon enters 'MiContraseña-2021' into Ingresar ContraseÃ±a, Brandon enters 'MiContraseña-2021' into Confirmar contraseÃ±a, Brandon clicks on Aceptar terminos, Brandon clicks on Aceptar politicas, Brandon clicks on Cuarto Boton]]
[Test worker] WARN net.thucydides.core.steps.BaseStepListener - stepFinished: current outcome:Resgistrarse en la pagina de utest:Given El usuario quiere registrarse en la pagina de utest [Brandon open up [Brandon opens the Utest page], Brandon join t [Brandon clicks on buton de registro]], When El llena el formulario de registro en la pagina de utest
| strFirstName | strLastName | strEmail | strMonth | strDay | strYear | strCity | strZip | strCountry | strComputer | strVersion | strLanguage | strMobil | strModel | strOS | strPassword |
| Jhonatan | Ferreira | jhonatanferreira0616@gmail.com | June | 16 | 1995 | Cúcuta | 540013 | Colombia | Windows | 10 | English | Motorola | Moto G6 Plus | Android 9.0 (Pie) | MiContraseña-2021 | [Brandon fill form [Brandon enters 'Jhonatan' into primer nombre, Brandon enters 'Ferreira' into segundo nombre, Brandon enters 'jhonatanferreira0616@gmail.com' into correo, Brandon select June on mes de nacimiento, Brandon select 16 on dia de nacimiento, Brandon select 1995 on aÃ±o de nacimiento, Brandon clicks on Primer boton, Brandon enters 'Cúcuta' into Ingresar Ciudad, Brandon enters '540013' into Ingresar Codigo Postal, Brandon clicks on Segundo Boton, Brandon clicks on Tercer Boton, Brandon enters 'MiContraseña-2021' into Ingresar ContraseÃ±a, Brandon enters 'MiContraseña-2021' into Confirmar contraseÃ±a, Brandon clicks on Aceptar terminos, Brandon clicks on Aceptar politicas, Brandon clicks on Cuarto Boton]]
[Test worker] WARN net.thucydides.core.steps.BaseStepListener - stepStarted: net.thucydides.core.steps.ExecutedStepDescription@f9cee35
[Test worker] WARN net.thucydides.core.steps.BaseStepListener - stepStarted: net.thucydides.core.steps.ExecutedStepDescription@35376699
[Test worker] WARN net.thucydides.core.steps.BaseStepListener - stepFinished: current outcome:Resgistrarse en la pagina de utest:Given El usuario quiere registrarse en la pagina de utest [Brandon open up [Brandon opens the Utest page], Brandon join t [Brandon clicks on buton de registro]], When El llena el formulario de registro en la pagina de utest
| strFirstName | strLastName | strEmail | strMonth | strDay | strYear | strCity | strZip | strCountry | strComputer | strVersion | strLanguage | strMobil | strModel | strOS | strPassword |
| Jhonatan | Ferreira | jhonatanferreira0616@gmail.com | June | 16 | 1995 | Cúcuta | 540013 | Colombia | Windows | 10 | English | Motorola | Moto G6 Plus | Android 9.0 (Pie) | MiContraseña-2021 | [Brandon fill form [Brandon enters 'Jhonatan' into primer nombre, Brandon enters 'Ferreira' into segundo nombre, Brandon enters 'jhonatanferreira0616@gmail.com' into correo, Brandon select June on mes de nacimiento, Brandon select 16 on dia de nacimiento, Brandon select 1995 on aÃ±o de nacimiento, Brandon clicks on Primer boton, Brandon enters 'Cúcuta' into Ingresar Ciudad, Brandon enters '540013' into Ingresar Codigo Postal, Brandon clicks on Segundo Boton, Brandon clicks on Tercer Boton, Brandon enters 'MiContraseña-2021' into Ingresar ContraseÃ±a, Brandon enters 'MiContraseña-2021' into Confirmar contraseÃ±a, Brandon clicks on Aceptar terminos, Brandon clicks on Aceptar politicas, Brandon clicks on Cuarto Boton]], Then el termina el registro satisfactoriamente
| strConfirm |
| The last step | [Then answer]
[Test worker] WARN net.thucydides.core.steps.BaseStepListener - stepFinished: current outcome:Resgistrarse en la pagina de utest:Given El usuario quiere registrarse en la pagina de utest [Brandon open up [Brandon opens the Utest page], Brandon join t [Brandon clicks on buton de registro]], When El llena el formulario de registro en la pagina de utest
| strFirstName | strLastName | strEmail | strMonth | strDay | strYear | strCity | strZip | strCountry | strComputer | strVersion | strLanguage | strMobil | strModel | strOS | strPassword |
| Jhonatan | Ferreira | jhonatanferreira0616@gmail.com | June | 16 | 1995 | Cúcuta | 540013 | Colombia | Windows | 10 | English | Motorola | Moto G6 Plus | Android 9.0 (Pie) | MiContraseña-2021 | [Brandon fill form [Brandon enters 'Jhonatan' into primer nombre, Brandon enters 'Ferreira' into segundo nombre, Brandon enters 'jhonatanferreira0616@gmail.com' into correo, Brandon select June on mes de nacimiento, Brandon select 16 on dia de nacimiento, Brandon select 1995 on aÃ±o de nacimiento, Brandon clicks on Primer boton, Brandon enters 'Cúcuta' into Ingresar Ciudad, Brandon enters '540013' into Ingresar Codigo Postal, Brandon clicks on Segundo Boton, Brandon clicks on Tercer Boton, Brandon enters 'MiContraseña-2021' into Ingresar ContraseÃ±a, Brandon enters 'MiContraseña-2021' into Confirmar contraseÃ±a, Brandon clicks on Aceptar terminos, Brandon clicks on Aceptar politicas, Brandon clicks on Cuarto Boton]], Then el termina el registro satisfactoriamente
| strConfirm |
| The last step | [Then answer]
[Test worker] WARN net.thucydides.core.steps.BaseStepListener - testFinished: Resgistrarse en la pagina de utest:Given El usuario quiere registrarse en la pagina de utest [Brandon open up [Brandon opens the Utest page], Brandon join t [Brandon clicks on buton de registro]], When El llena el formulario de registro en la pagina de utest
| strFirstName | strLastName | strEmail | strMonth | strDay | strYear | strCity | strZip | strCountry | strComputer | strVersion | strLanguage | strMobil | strModel | strOS | strPassword |
| Jhonatan | Ferreira | jhonatanferreira0616@gmail.com | June | 16 | 1995 | Cúcuta | 540013 | Colombia | Windows | 10 | English | Motorola | Moto G6 Plus | Android 9.0 (Pie) | MiContraseña-2021 | [Brandon fill form [Brandon enters 'Jhonatan' into primer nombre, Brandon enters 'Ferreira' into segundo nombre, Brandon enters 'jhonatanferreira0616@gmail.com' into correo, Brandon select June on mes de nacimiento, Brandon select 16 on dia de nacimiento, Brandon select 1995 on aÃ±o de nacimiento, Brandon clicks on Primer boton, Brandon enters 'Cúcuta' into Ingresar Ciudad, Brandon enters '540013' into Ingresar Codigo Postal, Brandon clicks on Segundo Boton, Brandon clicks on Tercer Boton, Brandon enters 'MiContraseña-2021' into Ingresar ContraseÃ±a, Brandon enters 'MiContraseña-2021' into Confirmar contraseÃ±a, Brandon clicks on Aceptar terminos, Brandon clicks on Aceptar politicas, Brandon clicks on Cuarto Boton]], Then el termina el registro satisfactoriamente
| strConfirm |
| The last step | [Then answer]
[Test worker] WARN net.thucydides.core.steps.BaseStepListener - TestOutcomes: [Resgistrarse en la pagina de utest:Given El usuario quiere registrarse en la pagina de utest [Brandon open up [Brandon opens the Utest page], Brandon join t [Brandon clicks on buton de registro]], When El llena el formulario de registro en la pagina de utest
| strFirstName | strLastName | strEmail | strMonth | strDay | strYear | strCity | strZip | strCountry | strComputer | strVersion | strLanguage | strMobil | strModel | strOS | strPassword |
| Jhonatan | Ferreira | jhonatanferreira0616@gmail.com | June | 16 | 1995 | Cúcuta | 540013 | Colombia | Windows | 10 | English | Motorola | Moto G6 Plus | Android 9.0 (Pie) | MiContraseña-2021 | [Brandon fill form [Brandon enters 'Jhonatan' into primer nombre, Brandon enters 'Ferreira' into segundo nombre, Brandon enters 'jhonatanferreira0616@gmail.com' into correo, Brandon select June on mes de nacimiento, Brandon select 16 on dia de nacimiento, Brandon select 1995 on aÃ±o de nacimiento, Brandon clicks on Primer boton, Brandon enters 'Cúcuta' into Ingresar Ciudad, Brandon enters '540013' into Ingresar Codigo Postal, Brandon clicks on Segundo Boton, Brandon clicks on Tercer Boton, Brandon enters 'MiContraseña-2021' into Ingresar ContraseÃ±a, Brandon enters 'MiContraseña-2021' into Confirmar contraseÃ±a, Brandon clicks on Aceptar terminos, Brandon clicks on Aceptar politicas, Brandon clicks on Cuarto Boton]], Then el termina el registro satisfactoriamente
| strConfirm |
| The last step | [Then answer]]
[Test worker] WARN net.thucydides.core.steps.BaseStepListener - Final testOutcomes: [Resgistrarse en la pagina de utest:Given El usuario quiere registrarse en la pagina de utest [Brandon open up [Brandon opens the Utest page], Brandon join t [Brandon clicks on buton de registro]], When El llena el formulario de registro en la pagina de utest
| strFirstName | strLastName | strEmail | strMonth | strDay | strYear | strCity | strZip | strCountry | strComputer | strVersion | strLanguage | strMobil | strModel | strOS | strPassword |
| Jhonatan | Ferreira | jhonatanferreira0616@gmail.com | June | 16 | 1995 | Cúcuta | 540013 | Colombia | Windows | 10 | English | Motorola | Moto G6 Plus | Android 9.0 (Pie) | MiContraseña-2021 | [Brandon fill form [Brandon enters 'Jhonatan' into primer nombre, Brandon enters 'Ferreira' into segundo nombre, Brandon enters 'jhonatanferreira0616@gmail.com' into correo, Brandon select June on mes de nacimiento, Brandon select 16 on dia de nacimiento, Brandon select 1995 on aÃ±o de nacimiento, Brandon clicks on Primer boton, Brandon enters 'Cúcuta' into Ingresar Ciudad, Brandon enters '540013' into Ingresar Codigo Postal, Brandon clicks on Segundo Boton, Brandon clicks on Tercer Boton, Brandon enters 'MiContraseña-2021' into Ingresar ContraseÃ±a, Brandon enters 'MiContraseña-2021' into Confirmar contraseÃ±a, Brandon clicks on Aceptar terminos, Brandon clicks on Aceptar politicas, Brandon clicks on Cuarto Boton]], Then el termina el registro satisfactoriamente
| strConfirm |
| The last step | [Then answer]]
[Test worker] INFO net.thucydides.core.steps.ConsoleLoggingListener - 
        __    _____ _____ ____ _____   ____   _    ____  ____  _____ ____  
  _     \ \  |_   _| ____/ ___|_   _| |  _ \ / \  / ___|/ ___|| ____|  _ \ 
 (_)_____| |   | | |  _| \___ \ | |   | |_) / _ \ \___ \\___ \|  _| | | | |
  _|_____| |   | | | |___ ___) || |   |  __/ ___ \ ___) |___) | |___| |_| |
 (_)     | |   |_| |_____|____/ |_|   |_| /_/   \_\____/|____/|_____|____/ 
        /_/                                                                

TEST PASSED: Resgistrarse en la pagina de utest
----------------------------------------------------------------------------
]]></system-err>
</testsuite>
