<?xml version="1.0" encoding="UTF-8"?>
<testsuite name="Prueba tecnica" tests="1" skipped="0" failures="1" errors="0" timestamp="2021-02-12T17:00:23" hostname="DESKTOP-JFL57R2" time="35.615">
  <properties/>
  <testcase name="Resgistrarse en la pagina de utest" classname="Prueba tecnica" time="35.615">
    <failure message="java.lang.AssertionError: no such element: Unable to locate element: {&quot;method&quot;:&quot;xpath&quot;,&quot;selector&quot;:&quot;//*[@id=&quot;mainContent&quot;]/div/div/div[2]/div[1]/p[1]/b&quot;}&#10;  (Session info: chrome=88.0.4324.150)&#10;For documentation on this error, please visit: https://www.seleniumhq.org/exceptions/no_such_element.html&#10;Build info: version: '3.141.59', revision: 'e82be7d358', time: '2018-11-14T08:17:03'&#10;System info: host: 'DESKTOP-JFL57R2', ip: '192.168.0.11', os.name: 'Windows 10', os.arch: 'amd64', os.version: '10.0', java.version: '11.0.4'&#10;Driver info: org.openqa.selenium.chrome.ChromeDriver&#10;Capabilities {acceptInsecureCerts: false, browserName: chrome, browserVersion: 88.0.4324.150, chrome: {chromedriverVersion: 88.0.4324.27 (6347fe8bf1e48..., userDataDir: C:\Users\Usuario\AppData\Lo...}, goog:chromeOptions: {debuggerAddress: localhost:63295}, javascriptEnabled: true, networkConnectionEnabled: false, pageLoadStrategy: normal, platform: WINDOWS, platformName: WINDOWS, proxy: Proxy(), setWindowRect: true, strictFileInteractability: false, timeouts: {implicit: 0, pageLoad: 300000, script: 30000}, unhandledPromptBehavior: dismiss and notify, webauthn:extension:largeBlob: true, webauthn:virtualAuthenticators: true}&#10;Session ID: 9762bb7a360e91a2a52c9667f1710b45&#10;*** Element info: {Using=xpath, value=//*[@id=&quot;mainContent&quot;]/div/div/div[2]/div[1]/p[1]/b}" type="java.lang.AssertionError">java.lang.AssertionError: no such element: Unable to locate element: {&quot;method&quot;:&quot;xpath&quot;,&quot;selector&quot;:&quot;//*[@id=&quot;mainContent&quot;]/div/div/div[2]/div[1]/p[1]/b&quot;}
  (Session info: chrome=88.0.4324.150)
For documentation on this error, please visit: https://www.seleniumhq.org/exceptions/no_such_element.html
Build info: version: '3.141.59', revision: 'e82be7d358', time: '2018-11-14T08:17:03'
System info: host: 'DESKTOP-JFL57R2', ip: '192.168.0.11', os.name: 'Windows 10', os.arch: 'amd64', os.version: '10.0', java.version: '11.0.4'
Driver info: org.openqa.selenium.chrome.ChromeDriver
Capabilities {acceptInsecureCerts: false, browserName: chrome, browserVersion: 88.0.4324.150, chrome: {chromedriverVersion: 88.0.4324.27 (6347fe8bf1e48..., userDataDir: C:\Users\Usuario\AppData\Lo...}, goog:chromeOptions: {debuggerAddress: localhost:63295}, javascriptEnabled: true, networkConnectionEnabled: false, pageLoadStrategy: normal, platform: WINDOWS, platformName: WINDOWS, proxy: Proxy(), setWindowRect: true, strictFileInteractability: false, timeouts: {implicit: 0, pageLoad: 300000, script: 30000}, unhandledPromptBehavior: dismiss and notify, webauthn:extension:largeBlob: true, webauthn:virtualAuthenticators: true}
Session ID: 9762bb7a360e91a2a52c9667f1710b45
*** Element info: {Using=xpath, value=//*[@id=&quot;mainContent&quot;]/div/div/div[2]/div[1]/p[1]/b}
	at net.serenitybdd.screenplay.ErrorTally.throwSummaryExceptionFrom(ErrorTally.java:36)
	at net.serenitybdd.screenplay.ErrorTally.reportAnyErrors(ErrorTally.java:30)
	at net.serenitybdd.screenplay.Actor.should(Actor.java:301)
	at co.com.choucair.certification.pruebatecnica.stepdefinitions.PruebaTecnicaStepDefinitions.elTerminaElRegistroSatisfactoriamente(PruebaTecnicaStepDefinitions.java:43)
	at ✽.el termina el registro satisfactoriamente(src/test/resources/features/pruebatecnica.feature:10)
</failure>
  </testcase>
  <system-out><![CDATA[]]></system-out>
  <system-err><![CDATA[[Test worker] WARN net.thucydides.core.steps.BaseStepListener - stepStarted: net.thucydides.core.steps.ExecutedStepDescription@58ea0066
[Test worker] WARN net.thucydides.core.steps.BaseStepListener - stepStarted: net.thucydides.core.steps.ExecutedStepDescription@7f7fae61
[Test worker] WARN net.thucydides.core.steps.BaseStepListener - stepStarted: net.thucydides.core.steps.ExecutedStepDescription@15a18c10
Feb 12, 2021 12:00:23 PM org.openqa.selenium.remote.DesiredCapabilities chrome
INFO: Using `new ChromeOptions()` is preferred to `DesiredCapabilities.chrome()`
[Test worker] INFO net.serenitybdd.core.webdriver.driverproviders.ProvideNewDriver - Instantiating driver
[Test worker] INFO net.serenitybdd.core.webdriver.driverproviders.ProvideNewDriver - Driver capabilities: Capabilities {acceptInsecureCerts: false, browserName: chrome, chrome.switches: --start-maximized, goog:chromeOptions: {args: [--start-maximized], extensions: []}, loggingPrefs: org.openqa.selenium.logging..., platform: ANY, version: }
Starting ChromeDriver 88.0.4324.27 (6347fe8bf1e48bd0c54d07dc55ca011cf40861c9-refs/branch-heads/4324@{#450}) on port 21084
Only local connections are allowed.
Please see https://chromedriver.chromium.org/security-considerations for suggestions on keeping ChromeDriver safe.
ChromeDriver was started successfully.
Feb 12, 2021 12:00:26 PM org.openqa.selenium.remote.ProtocolHandshake createSession
INFO: Detected dialect: W3C
[Test worker] WARN net.thucydides.core.steps.BaseStepListener - stepFinished: current outcome:Resgistrarse en la pagina de utest:Given El usuario quiere registrarse en la pagina de utest [Brandon open up [Brandon opens the Utest page]]
[Test worker] WARN net.thucydides.core.steps.BaseStepListener - stepFinished: current outcome:Resgistrarse en la pagina de utest:Given El usuario quiere registrarse en la pagina de utest [Brandon open up [Brandon opens the Utest page]]
[Test worker] WARN net.thucydides.core.steps.BaseStepListener - stepStarted: net.thucydides.core.steps.ExecutedStepDescription@5c009133
[Test worker] WARN net.thucydides.core.steps.BaseStepListener - stepStarted: net.thucydides.core.steps.ExecutedStepDescription@2b6dd49b
[Test worker] WARN net.thucydides.core.steps.BaseStepListener - stepFinished: current outcome:Resgistrarse en la pagina de utest:Given El usuario quiere registrarse en la pagina de utest [Brandon open up [Brandon opens the Utest page], Brandon join t [Brandon clicks on buton de registro]]
[Test worker] WARN net.thucydides.core.steps.BaseStepListener - stepFinished: current outcome:Resgistrarse en la pagina de utest:Given El usuario quiere registrarse en la pagina de utest [Brandon open up [Brandon opens the Utest page], Brandon join t [Brandon clicks on buton de registro]]
[Test worker] WARN net.thucydides.core.steps.BaseStepListener - stepFinished: current outcome:Resgistrarse en la pagina de utest:Given El usuario quiere registrarse en la pagina de utest [Brandon open up [Brandon opens the Utest page], Brandon join t [Brandon clicks on buton de registro]]
[Test worker] WARN net.thucydides.core.steps.BaseStepListener - stepStarted: net.thucydides.core.steps.ExecutedStepDescription@18e4dbda
[Test worker] WARN net.thucydides.core.steps.BaseStepListener - stepStarted: net.thucydides.core.steps.ExecutedStepDescription@3f053e4f
[Test worker] WARN net.thucydides.core.steps.BaseStepListener - stepStarted: net.thucydides.core.steps.ExecutedStepDescription@f63ddd8
[Test worker] WARN net.thucydides.core.steps.BaseStepListener - stepFinished: current outcome:Resgistrarse en la pagina de utest:Given El usuario quiere registrarse en la pagina de utest [Brandon open up [Brandon opens the Utest page], Brandon join t [Brandon clicks on buton de registro]], When El llena el formulario de registro en la pagina de utest
| strFirstName | strLastName | strEmail | strMonth | strDay | strYear | strCity | strZip | strCountry | strComputer | strVersion | strLanguage | strMobil | strModel | strOS | strPassword |
| Jhonatan | Ferreira | jhonatanferreira0616@gmail.com | June | 16 | 1995 | Cúcuta | 540013 | Colombia | Windows | 10 | English | Motorola | Moto G6 Plus | Android 9.0 (Pie) | MiContraseña-2021 | [Brandon fill form [Brandon enters 'Jhonatan' into primer nombre]]
[Test worker] WARN net.thucydides.core.steps.BaseStepListener - stepStarted: net.thucydides.core.steps.ExecutedStepDescription@5fec4edf
[Test worker] WARN net.thucydides.core.steps.BaseStepListener - stepFinished: current outcome:Resgistrarse en la pagina de utest:Given El usuario quiere registrarse en la pagina de utest [Brandon open up [Brandon opens the Utest page], Brandon join t [Brandon clicks on buton de registro]], When El llena el formulario de registro en la pagina de utest
| strFirstName | strLastName | strEmail | strMonth | strDay | strYear | strCity | strZip | strCountry | strComputer | strVersion | strLanguage | strMobil | strModel | strOS | strPassword |
| Jhonatan | Ferreira | jhonatanferreira0616@gmail.com | June | 16 | 1995 | Cúcuta | 540013 | Colombia | Windows | 10 | English | Motorola | Moto G6 Plus | Android 9.0 (Pie) | MiContraseña-2021 | [Brandon fill form [Brandon enters 'Jhonatan' into primer nombre, Brandon enters 'Ferreira' into segundo nombre]]
[Test worker] WARN net.thucydides.core.steps.BaseStepListener - stepStarted: net.thucydides.core.steps.ExecutedStepDescription@3293d943
[Test worker] WARN net.thucydides.core.steps.BaseStepListener - stepFinished: current outcome:Resgistrarse en la pagina de utest:Given El usuario quiere registrarse en la pagina de utest [Brandon open up [Brandon opens the Utest page], Brandon join t [Brandon clicks on buton de registro]], When El llena el formulario de registro en la pagina de utest
| strFirstName | strLastName | strEmail | strMonth | strDay | strYear | strCity | strZip | strCountry | strComputer | strVersion | strLanguage | strMobil | strModel | strOS | strPassword |
| Jhonatan | Ferreira | jhonatanferreira0616@gmail.com | June | 16 | 1995 | Cúcuta | 540013 | Colombia | Windows | 10 | English | Motorola | Moto G6 Plus | Android 9.0 (Pie) | MiContraseña-2021 | [Brandon fill form [Brandon enters 'Jhonatan' into primer nombre, Brandon enters 'Ferreira' into segundo nombre, Brandon enters 'jhonatanferreira0616@gmail.com' into correo]]
[Test worker] WARN net.thucydides.core.steps.BaseStepListener - stepStarted: net.thucydides.core.steps.ExecutedStepDescription@7892238
[Test worker] WARN net.thucydides.core.steps.BaseStepListener - stepFinished: current outcome:Resgistrarse en la pagina de utest:Given El usuario quiere registrarse en la pagina de utest [Brandon open up [Brandon opens the Utest page], Brandon join t [Brandon clicks on buton de registro]], When El llena el formulario de registro en la pagina de utest
| strFirstName | strLastName | strEmail | strMonth | strDay | strYear | strCity | strZip | strCountry | strComputer | strVersion | strLanguage | strMobil | strModel | strOS | strPassword |
| Jhonatan | Ferreira | jhonatanferreira0616@gmail.com | June | 16 | 1995 | Cúcuta | 540013 | Colombia | Windows | 10 | English | Motorola | Moto G6 Plus | Android 9.0 (Pie) | MiContraseña-2021 | [Brandon fill form [Brandon enters 'Jhonatan' into primer nombre, Brandon enters 'Ferreira' into segundo nombre, Brandon enters 'jhonatanferreira0616@gmail.com' into correo, Brandon select June on mes de nacimiento]]
[Test worker] WARN net.thucydides.core.steps.BaseStepListener - stepStarted: net.thucydides.core.steps.ExecutedStepDescription@32d2ad3f
[Test worker] WARN net.thucydides.core.steps.BaseStepListener - stepFinished: current outcome:Resgistrarse en la pagina de utest:Given El usuario quiere registrarse en la pagina de utest [Brandon open up [Brandon opens the Utest page], Brandon join t [Brandon clicks on buton de registro]], When El llena el formulario de registro en la pagina de utest
| strFirstName | strLastName | strEmail | strMonth | strDay | strYear | strCity | strZip | strCountry | strComputer | strVersion | strLanguage | strMobil | strModel | strOS | strPassword |
| Jhonatan | Ferreira | jhonatanferreira0616@gmail.com | June | 16 | 1995 | Cúcuta | 540013 | Colombia | Windows | 10 | English | Motorola | Moto G6 Plus | Android 9.0 (Pie) | MiContraseña-2021 | [Brandon fill form [Brandon enters 'Jhonatan' into primer nombre, Brandon enters 'Ferreira' into segundo nombre, Brandon enters 'jhonatanferreira0616@gmail.com' into correo, Brandon select June on mes de nacimiento, Brandon select 16 on dia de nacimiento]]
[Test worker] WARN net.thucydides.core.steps.BaseStepListener - stepStarted: net.thucydides.core.steps.ExecutedStepDescription@f94de77
[Test worker] WARN net.thucydides.core.steps.BaseStepListener - stepFinished: current outcome:Resgistrarse en la pagina de utest:Given El usuario quiere registrarse en la pagina de utest [Brandon open up [Brandon opens the Utest page], Brandon join t [Brandon clicks on buton de registro]], When El llena el formulario de registro en la pagina de utest
| strFirstName | strLastName | strEmail | strMonth | strDay | strYear | strCity | strZip | strCountry | strComputer | strVersion | strLanguage | strMobil | strModel | strOS | strPassword |
| Jhonatan | Ferreira | jhonatanferreira0616@gmail.com | June | 16 | 1995 | Cúcuta | 540013 | Colombia | Windows | 10 | English | Motorola | Moto G6 Plus | Android 9.0 (Pie) | MiContraseña-2021 | [Brandon fill form [Brandon enters 'Jhonatan' into primer nombre, Brandon enters 'Ferreira' into segundo nombre, Brandon enters 'jhonatanferreira0616@gmail.com' into correo, Brandon select June on mes de nacimiento, Brandon select 16 on dia de nacimiento, Brandon select 1995 on aÃ±o de nacimiento]]
[Test worker] WARN net.thucydides.core.steps.BaseStepListener - stepStarted: net.thucydides.core.steps.ExecutedStepDescription@b2a65ee
[Test worker] WARN net.thucydides.core.steps.BaseStepListener - stepFinished: current outcome:Resgistrarse en la pagina de utest:Given El usuario quiere registrarse en la pagina de utest [Brandon open up [Brandon opens the Utest page], Brandon join t [Brandon clicks on buton de registro]], When El llena el formulario de registro en la pagina de utest
| strFirstName | strLastName | strEmail | strMonth | strDay | strYear | strCity | strZip | strCountry | strComputer | strVersion | strLanguage | strMobil | strModel | strOS | strPassword |
| Jhonatan | Ferreira | jhonatanferreira0616@gmail.com | June | 16 | 1995 | Cúcuta | 540013 | Colombia | Windows | 10 | English | Motorola | Moto G6 Plus | Android 9.0 (Pie) | MiContraseña-2021 | [Brandon fill form [Brandon enters 'Jhonatan' into primer nombre, Brandon enters 'Ferreira' into segundo nombre, Brandon enters 'jhonatanferreira0616@gmail.com' into correo, Brandon select June on mes de nacimiento, Brandon select 16 on dia de nacimiento, Brandon select 1995 on aÃ±o de nacimiento, Brandon clicks on Primer boton]]
[Test worker] WARN net.thucydides.core.steps.BaseStepListener - stepStarted: net.thucydides.core.steps.ExecutedStepDescription@7725199c
[Test worker] WARN net.thucydides.core.steps.BaseStepListener - stepFinished: current outcome:Resgistrarse en la pagina de utest:Given El usuario quiere registrarse en la pagina de utest [Brandon open up [Brandon opens the Utest page], Brandon join t [Brandon clicks on buton de registro]], When El llena el formulario de registro en la pagina de utest
| strFirstName | strLastName | strEmail | strMonth | strDay | strYear | strCity | strZip | strCountry | strComputer | strVersion | strLanguage | strMobil | strModel | strOS | strPassword |
| Jhonatan | Ferreira | jhonatanferreira0616@gmail.com | June | 16 | 1995 | Cúcuta | 540013 | Colombia | Windows | 10 | English | Motorola | Moto G6 Plus | Android 9.0 (Pie) | MiContraseña-2021 | [Brandon fill form [Brandon enters 'Jhonatan' into primer nombre, Brandon enters 'Ferreira' into segundo nombre, Brandon enters 'jhonatanferreira0616@gmail.com' into correo, Brandon select June on mes de nacimiento, Brandon select 16 on dia de nacimiento, Brandon select 1995 on aÃ±o de nacimiento, Brandon clicks on Primer boton, Brandon enters 'Cúcuta' into Ingresar Ciudad]]
[Test worker] WARN net.thucydides.core.steps.BaseStepListener - stepStarted: net.thucydides.core.steps.ExecutedStepDescription@3fd46f1f
[Test worker] WARN net.thucydides.core.steps.BaseStepListener - stepFinished: current outcome:Resgistrarse en la pagina de utest:Given El usuario quiere registrarse en la pagina de utest [Brandon open up [Brandon opens the Utest page], Brandon join t [Brandon clicks on buton de registro]], When El llena el formulario de registro en la pagina de utest
| strFirstName | strLastName | strEmail | strMonth | strDay | strYear | strCity | strZip | strCountry | strComputer | strVersion | strLanguage | strMobil | strModel | strOS | strPassword |
| Jhonatan | Ferreira | jhonatanferreira0616@gmail.com | June | 16 | 1995 | Cúcuta | 540013 | Colombia | Windows | 10 | English | Motorola | Moto G6 Plus | Android 9.0 (Pie) | MiContraseña-2021 | [Brandon fill form [Brandon enters 'Jhonatan' into primer nombre, Brandon enters 'Ferreira' into segundo nombre, Brandon enters 'jhonatanferreira0616@gmail.com' into correo, Brandon select June on mes de nacimiento, Brandon select 16 on dia de nacimiento, Brandon select 1995 on aÃ±o de nacimiento, Brandon clicks on Primer boton, Brandon enters 'Cúcuta' into Ingresar Ciudad, Brandon enters '540013' into Ingresar Codigo Postal]]
[Test worker] WARN net.thucydides.core.steps.BaseStepListener - stepStarted: net.thucydides.core.steps.ExecutedStepDescription@3b9f1b8
[Test worker] WARN net.thucydides.core.steps.BaseStepListener - stepFinished: current outcome:Resgistrarse en la pagina de utest:Given El usuario quiere registrarse en la pagina de utest [Brandon open up [Brandon opens the Utest page], Brandon join t [Brandon clicks on buton de registro]], When El llena el formulario de registro en la pagina de utest
| strFirstName | strLastName | strEmail | strMonth | strDay | strYear | strCity | strZip | strCountry | strComputer | strVersion | strLanguage | strMobil | strModel | strOS | strPassword |
| Jhonatan | Ferreira | jhonatanferreira0616@gmail.com | June | 16 | 1995 | Cúcuta | 540013 | Colombia | Windows | 10 | English | Motorola | Moto G6 Plus | Android 9.0 (Pie) | MiContraseña-2021 | [Brandon fill form [Brandon enters 'Jhonatan' into primer nombre, Brandon enters 'Ferreira' into segundo nombre, Brandon enters 'jhonatanferreira0616@gmail.com' into correo, Brandon select June on mes de nacimiento, Brandon select 16 on dia de nacimiento, Brandon select 1995 on aÃ±o de nacimiento, Brandon clicks on Primer boton, Brandon enters 'Cúcuta' into Ingresar Ciudad, Brandon enters '540013' into Ingresar Codigo Postal, Brandon clicks on Segundo Boton]]
[Test worker] WARN net.thucydides.core.steps.BaseStepListener - stepStarted: net.thucydides.core.steps.ExecutedStepDescription@281d5d39
[Test worker] WARN net.thucydides.core.steps.BaseStepListener - stepFinished: current outcome:Resgistrarse en la pagina de utest:Given El usuario quiere registrarse en la pagina de utest [Brandon open up [Brandon opens the Utest page], Brandon join t [Brandon clicks on buton de registro]], When El llena el formulario de registro en la pagina de utest
| strFirstName | strLastName | strEmail | strMonth | strDay | strYear | strCity | strZip | strCountry | strComputer | strVersion | strLanguage | strMobil | strModel | strOS | strPassword |
| Jhonatan | Ferreira | jhonatanferreira0616@gmail.com | June | 16 | 1995 | Cúcuta | 540013 | Colombia | Windows | 10 | English | Motorola | Moto G6 Plus | Android 9.0 (Pie) | MiContraseña-2021 | [Brandon fill form [Brandon enters 'Jhonatan' into primer nombre, Brandon enters 'Ferreira' into segundo nombre, Brandon enters 'jhonatanferreira0616@gmail.com' into correo, Brandon select June on mes de nacimiento, Brandon select 16 on dia de nacimiento, Brandon select 1995 on aÃ±o de nacimiento, Brandon clicks on Primer boton, Brandon enters 'Cúcuta' into Ingresar Ciudad, Brandon enters '540013' into Ingresar Codigo Postal, Brandon clicks on Segundo Boton, Brandon clicks on Tercer Boton]]
[Test worker] WARN net.thucydides.core.steps.BaseStepListener - stepStarted: net.thucydides.core.steps.ExecutedStepDescription@53762a51
[Test worker] WARN net.thucydides.core.steps.BaseStepListener - stepFinished: current outcome:Resgistrarse en la pagina de utest:Given El usuario quiere registrarse en la pagina de utest [Brandon open up [Brandon opens the Utest page], Brandon join t [Brandon clicks on buton de registro]], When El llena el formulario de registro en la pagina de utest
| strFirstName | strLastName | strEmail | strMonth | strDay | strYear | strCity | strZip | strCountry | strComputer | strVersion | strLanguage | strMobil | strModel | strOS | strPassword |
| Jhonatan | Ferreira | jhonatanferreira0616@gmail.com | June | 16 | 1995 | Cúcuta | 540013 | Colombia | Windows | 10 | English | Motorola | Moto G6 Plus | Android 9.0 (Pie) | MiContraseña-2021 | [Brandon fill form [Brandon enters 'Jhonatan' into primer nombre, Brandon enters 'Ferreira' into segundo nombre, Brandon enters 'jhonatanferreira0616@gmail.com' into correo, Brandon select June on mes de nacimiento, Brandon select 16 on dia de nacimiento, Brandon select 1995 on aÃ±o de nacimiento, Brandon clicks on Primer boton, Brandon enters 'Cúcuta' into Ingresar Ciudad, Brandon enters '540013' into Ingresar Codigo Postal, Brandon clicks on Segundo Boton, Brandon clicks on Tercer Boton, Brandon enters 'MiContraseña-2021' into Ingresar ContraseÃ±a]]
[Test worker] WARN net.thucydides.core.steps.BaseStepListener - stepStarted: net.thucydides.core.steps.ExecutedStepDescription@2cf59105
[Test worker] WARN net.thucydides.core.steps.BaseStepListener - stepFinished: current outcome:Resgistrarse en la pagina de utest:Given El usuario quiere registrarse en la pagina de utest [Brandon open up [Brandon opens the Utest page], Brandon join t [Brandon clicks on buton de registro]], When El llena el formulario de registro en la pagina de utest
| strFirstName | strLastName | strEmail | strMonth | strDay | strYear | strCity | strZip | strCountry | strComputer | strVersion | strLanguage | strMobil | strModel | strOS | strPassword |
| Jhonatan | Ferreira | jhonatanferreira0616@gmail.com | June | 16 | 1995 | Cúcuta | 540013 | Colombia | Windows | 10 | English | Motorola | Moto G6 Plus | Android 9.0 (Pie) | MiContraseña-2021 | [Brandon fill form [Brandon enters 'Jhonatan' into primer nombre, Brandon enters 'Ferreira' into segundo nombre, Brandon enters 'jhonatanferreira0616@gmail.com' into correo, Brandon select June on mes de nacimiento, Brandon select 16 on dia de nacimiento, Brandon select 1995 on aÃ±o de nacimiento, Brandon clicks on Primer boton, Brandon enters 'Cúcuta' into Ingresar Ciudad, Brandon enters '540013' into Ingresar Codigo Postal, Brandon clicks on Segundo Boton, Brandon clicks on Tercer Boton, Brandon enters 'MiContraseña-2021' into Ingresar ContraseÃ±a, Brandon enters 'MiContraseña-2021' into Confirmar contraseÃ±a]]
[Test worker] WARN net.thucydides.core.steps.BaseStepListener - stepStarted: net.thucydides.core.steps.ExecutedStepDescription@30a08ca0
[Test worker] WARN net.thucydides.core.steps.BaseStepListener - stepFinished: current outcome:Resgistrarse en la pagina de utest:Given El usuario quiere registrarse en la pagina de utest [Brandon open up [Brandon opens the Utest page], Brandon join t [Brandon clicks on buton de registro]], When El llena el formulario de registro en la pagina de utest
| strFirstName | strLastName | strEmail | strMonth | strDay | strYear | strCity | strZip | strCountry | strComputer | strVersion | strLanguage | strMobil | strModel | strOS | strPassword |
| Jhonatan | Ferreira | jhonatanferreira0616@gmail.com | June | 16 | 1995 | Cúcuta | 540013 | Colombia | Windows | 10 | English | Motorola | Moto G6 Plus | Android 9.0 (Pie) | MiContraseña-2021 | [Brandon fill form [Brandon enters 'Jhonatan' into primer nombre, Brandon enters 'Ferreira' into segundo nombre, Brandon enters 'jhonatanferreira0616@gmail.com' into correo, Brandon select June on mes de nacimiento, Brandon select 16 on dia de nacimiento, Brandon select 1995 on aÃ±o de nacimiento, Brandon clicks on Primer boton, Brandon enters 'Cúcuta' into Ingresar Ciudad, Brandon enters '540013' into Ingresar Codigo Postal, Brandon clicks on Segundo Boton, Brandon clicks on Tercer Boton, Brandon enters 'MiContraseña-2021' into Ingresar ContraseÃ±a, Brandon enters 'MiContraseña-2021' into Confirmar contraseÃ±a, Brandon clicks on Aceptar terminos]]
[Test worker] WARN net.thucydides.core.steps.BaseStepListener - stepStarted: net.thucydides.core.steps.ExecutedStepDescription@44b89ed5
[Test worker] WARN net.thucydides.core.steps.BaseStepListener - stepFinished: current outcome:Resgistrarse en la pagina de utest:Given El usuario quiere registrarse en la pagina de utest [Brandon open up [Brandon opens the Utest page], Brandon join t [Brandon clicks on buton de registro]], When El llena el formulario de registro en la pagina de utest
| strFirstName | strLastName | strEmail | strMonth | strDay | strYear | strCity | strZip | strCountry | strComputer | strVersion | strLanguage | strMobil | strModel | strOS | strPassword |
| Jhonatan | Ferreira | jhonatanferreira0616@gmail.com | June | 16 | 1995 | Cúcuta | 540013 | Colombia | Windows | 10 | English | Motorola | Moto G6 Plus | Android 9.0 (Pie) | MiContraseña-2021 | [Brandon fill form [Brandon enters 'Jhonatan' into primer nombre, Brandon enters 'Ferreira' into segundo nombre, Brandon enters 'jhonatanferreira0616@gmail.com' into correo, Brandon select June on mes de nacimiento, Brandon select 16 on dia de nacimiento, Brandon select 1995 on aÃ±o de nacimiento, Brandon clicks on Primer boton, Brandon enters 'Cúcuta' into Ingresar Ciudad, Brandon enters '540013' into Ingresar Codigo Postal, Brandon clicks on Segundo Boton, Brandon clicks on Tercer Boton, Brandon enters 'MiContraseña-2021' into Ingresar ContraseÃ±a, Brandon enters 'MiContraseña-2021' into Confirmar contraseÃ±a, Brandon clicks on Aceptar terminos, Brandon clicks on Aceptar politicas]]
[Test worker] WARN net.thucydides.core.steps.BaseStepListener - stepStarted: net.thucydides.core.steps.ExecutedStepDescription@2570007f
[Test worker] WARN net.thucydides.core.steps.BaseStepListener - stepFinished: current outcome:Resgistrarse en la pagina de utest:Given El usuario quiere registrarse en la pagina de utest [Brandon open up [Brandon opens the Utest page], Brandon join t [Brandon clicks on buton de registro]], When El llena el formulario de registro en la pagina de utest
| strFirstName | strLastName | strEmail | strMonth | strDay | strYear | strCity | strZip | strCountry | strComputer | strVersion | strLanguage | strMobil | strModel | strOS | strPassword |
| Jhonatan | Ferreira | jhonatanferreira0616@gmail.com | June | 16 | 1995 | Cúcuta | 540013 | Colombia | Windows | 10 | English | Motorola | Moto G6 Plus | Android 9.0 (Pie) | MiContraseña-2021 | [Brandon fill form [Brandon enters 'Jhonatan' into primer nombre, Brandon enters 'Ferreira' into segundo nombre, Brandon enters 'jhonatanferreira0616@gmail.com' into correo, Brandon select June on mes de nacimiento, Brandon select 16 on dia de nacimiento, Brandon select 1995 on aÃ±o de nacimiento, Brandon clicks on Primer boton, Brandon enters 'Cúcuta' into Ingresar Ciudad, Brandon enters '540013' into Ingresar Codigo Postal, Brandon clicks on Segundo Boton, Brandon clicks on Tercer Boton, Brandon enters 'MiContraseña-2021' into Ingresar ContraseÃ±a, Brandon enters 'MiContraseña-2021' into Confirmar contraseÃ±a, Brandon clicks on Aceptar terminos, Brandon clicks on Aceptar politicas, Brandon clicks on Cuarto Boton]]
[Test worker] WARN net.thucydides.core.steps.BaseStepListener - stepFinished: current outcome:Resgistrarse en la pagina de utest:Given El usuario quiere registrarse en la pagina de utest [Brandon open up [Brandon opens the Utest page], Brandon join t [Brandon clicks on buton de registro]], When El llena el formulario de registro en la pagina de utest
| strFirstName | strLastName | strEmail | strMonth | strDay | strYear | strCity | strZip | strCountry | strComputer | strVersion | strLanguage | strMobil | strModel | strOS | strPassword |
| Jhonatan | Ferreira | jhonatanferreira0616@gmail.com | June | 16 | 1995 | Cúcuta | 540013 | Colombia | Windows | 10 | English | Motorola | Moto G6 Plus | Android 9.0 (Pie) | MiContraseña-2021 | [Brandon fill form [Brandon enters 'Jhonatan' into primer nombre, Brandon enters 'Ferreira' into segundo nombre, Brandon enters 'jhonatanferreira0616@gmail.com' into correo, Brandon select June on mes de nacimiento, Brandon select 16 on dia de nacimiento, Brandon select 1995 on aÃ±o de nacimiento, Brandon clicks on Primer boton, Brandon enters 'Cúcuta' into Ingresar Ciudad, Brandon enters '540013' into Ingresar Codigo Postal, Brandon clicks on Segundo Boton, Brandon clicks on Tercer Boton, Brandon enters 'MiContraseña-2021' into Ingresar ContraseÃ±a, Brandon enters 'MiContraseña-2021' into Confirmar contraseÃ±a, Brandon clicks on Aceptar terminos, Brandon clicks on Aceptar politicas, Brandon clicks on Cuarto Boton]]
[Test worker] WARN net.thucydides.core.steps.BaseStepListener - stepFinished: current outcome:Resgistrarse en la pagina de utest:Given El usuario quiere registrarse en la pagina de utest [Brandon open up [Brandon opens the Utest page], Brandon join t [Brandon clicks on buton de registro]], When El llena el formulario de registro en la pagina de utest
| strFirstName | strLastName | strEmail | strMonth | strDay | strYear | strCity | strZip | strCountry | strComputer | strVersion | strLanguage | strMobil | strModel | strOS | strPassword |
| Jhonatan | Ferreira | jhonatanferreira0616@gmail.com | June | 16 | 1995 | Cúcuta | 540013 | Colombia | Windows | 10 | English | Motorola | Moto G6 Plus | Android 9.0 (Pie) | MiContraseña-2021 | [Brandon fill form [Brandon enters 'Jhonatan' into primer nombre, Brandon enters 'Ferreira' into segundo nombre, Brandon enters 'jhonatanferreira0616@gmail.com' into correo, Brandon select June on mes de nacimiento, Brandon select 16 on dia de nacimiento, Brandon select 1995 on aÃ±o de nacimiento, Brandon clicks on Primer boton, Brandon enters 'Cúcuta' into Ingresar Ciudad, Brandon enters '540013' into Ingresar Codigo Postal, Brandon clicks on Segundo Boton, Brandon clicks on Tercer Boton, Brandon enters 'MiContraseña-2021' into Ingresar ContraseÃ±a, Brandon enters 'MiContraseña-2021' into Confirmar contraseÃ±a, Brandon clicks on Aceptar terminos, Brandon clicks on Aceptar politicas, Brandon clicks on Cuarto Boton]]
[Test worker] WARN net.thucydides.core.steps.BaseStepListener - stepStarted: net.thucydides.core.steps.ExecutedStepDescription@7733f745
[Test worker] WARN net.thucydides.core.steps.BaseStepListener - stepStarted: net.thucydides.core.steps.ExecutedStepDescription@7fdf1400
[Test worker] WARN net.thucydides.core.steps.BaseStepListener - testFinished: Resgistrarse en la pagina de utest:Given El usuario quiere registrarse en la pagina de utest [Brandon open up [Brandon opens the Utest page], Brandon join t [Brandon clicks on buton de registro]], When El llena el formulario de registro en la pagina de utest
| strFirstName | strLastName | strEmail | strMonth | strDay | strYear | strCity | strZip | strCountry | strComputer | strVersion | strLanguage | strMobil | strModel | strOS | strPassword |
| Jhonatan | Ferreira | jhonatanferreira0616@gmail.com | June | 16 | 1995 | Cúcuta | 540013 | Colombia | Windows | 10 | English | Motorola | Moto G6 Plus | Android 9.0 (Pie) | MiContraseña-2021 | [Brandon fill form [Brandon enters 'Jhonatan' into primer nombre, Brandon enters 'Ferreira' into segundo nombre, Brandon enters 'jhonatanferreira0616@gmail.com' into correo, Brandon select June on mes de nacimiento, Brandon select 16 on dia de nacimiento, Brandon select 1995 on aÃ±o de nacimiento, Brandon clicks on Primer boton, Brandon enters 'Cúcuta' into Ingresar Ciudad, Brandon enters '540013' into Ingresar Codigo Postal, Brandon clicks on Segundo Boton, Brandon clicks on Tercer Boton, Brandon enters 'MiContraseña-2021' into Ingresar ContraseÃ±a, Brandon enters 'MiContraseña-2021' into Confirmar contraseÃ±a, Brandon clicks on Aceptar terminos, Brandon clicks on Aceptar politicas, Brandon clicks on Cuarto Boton]], Then el termina el registro satisfactoriamente
| strConfirm |
| First, please check your email inbox | [Then answer]
[Test worker] WARN net.thucydides.core.steps.BaseStepListener - TestOutcomes: [Resgistrarse en la pagina de utest:Given El usuario quiere registrarse en la pagina de utest [Brandon open up [Brandon opens the Utest page], Brandon join t [Brandon clicks on buton de registro]], When El llena el formulario de registro en la pagina de utest
| strFirstName | strLastName | strEmail | strMonth | strDay | strYear | strCity | strZip | strCountry | strComputer | strVersion | strLanguage | strMobil | strModel | strOS | strPassword |
| Jhonatan | Ferreira | jhonatanferreira0616@gmail.com | June | 16 | 1995 | Cúcuta | 540013 | Colombia | Windows | 10 | English | Motorola | Moto G6 Plus | Android 9.0 (Pie) | MiContraseña-2021 | [Brandon fill form [Brandon enters 'Jhonatan' into primer nombre, Brandon enters 'Ferreira' into segundo nombre, Brandon enters 'jhonatanferreira0616@gmail.com' into correo, Brandon select June on mes de nacimiento, Brandon select 16 on dia de nacimiento, Brandon select 1995 on aÃ±o de nacimiento, Brandon clicks on Primer boton, Brandon enters 'Cúcuta' into Ingresar Ciudad, Brandon enters '540013' into Ingresar Codigo Postal, Brandon clicks on Segundo Boton, Brandon clicks on Tercer Boton, Brandon enters 'MiContraseña-2021' into Ingresar ContraseÃ±a, Brandon enters 'MiContraseña-2021' into Confirmar contraseÃ±a, Brandon clicks on Aceptar terminos, Brandon clicks on Aceptar politicas, Brandon clicks on Cuarto Boton]], Then el termina el registro satisfactoriamente
| strConfirm |
| First, please check your email inbox | [Then answer]]
[Test worker] WARN net.thucydides.core.steps.BaseStepListener - Final testOutcomes: [Resgistrarse en la pagina de utest:Given El usuario quiere registrarse en la pagina de utest [Brandon open up [Brandon opens the Utest page], Brandon join t [Brandon clicks on buton de registro]], When El llena el formulario de registro en la pagina de utest
| strFirstName | strLastName | strEmail | strMonth | strDay | strYear | strCity | strZip | strCountry | strComputer | strVersion | strLanguage | strMobil | strModel | strOS | strPassword |
| Jhonatan | Ferreira | jhonatanferreira0616@gmail.com | June | 16 | 1995 | Cúcuta | 540013 | Colombia | Windows | 10 | English | Motorola | Moto G6 Plus | Android 9.0 (Pie) | MiContraseña-2021 | [Brandon fill form [Brandon enters 'Jhonatan' into primer nombre, Brandon enters 'Ferreira' into segundo nombre, Brandon enters 'jhonatanferreira0616@gmail.com' into correo, Brandon select June on mes de nacimiento, Brandon select 16 on dia de nacimiento, Brandon select 1995 on aÃ±o de nacimiento, Brandon clicks on Primer boton, Brandon enters 'Cúcuta' into Ingresar Ciudad, Brandon enters '540013' into Ingresar Codigo Postal, Brandon clicks on Segundo Boton, Brandon clicks on Tercer Boton, Brandon enters 'MiContraseña-2021' into Ingresar ContraseÃ±a, Brandon enters 'MiContraseña-2021' into Confirmar contraseÃ±a, Brandon clicks on Aceptar terminos, Brandon clicks on Aceptar politicas, Brandon clicks on Cuarto Boton]], Then el termina el registro satisfactoriamente
| strConfirm |
| First, please check your email inbox | [Then answer]]
[Test worker] ERROR net.thucydides.core.steps.ConsoleLoggingListener - 
           __  _____ _____ ____ _____   _____ _    ___ _     _____ ____  
  _       / / |_   _| ____/ ___|_   _| |  ___/ \  |_ _| |   | ____|  _ \ 
 (_)_____| |    | | |  _| \___ \ | |   | |_ / _ \  | || |   |  _| | | | |
  _|_____| |    | | | |___ ___) || |   |  _/ ___ \ | || |___| |___| |_| |
 (_)     | |    |_| |_____|____/ |_|   |_|/_/   \_\___|_____|_____|____/ 
          \_\                                                            

TEST FAILED WITH ERROR: Resgistrarse en la pagina de utest
---------------------------------------------------------------------
[Test worker] ERROR net.thucydides.core.steps.ConsoleLoggingListener - TEST FAILED AT STEP Then answer
[Test worker] ERROR net.thucydides.core.steps.ConsoleLoggingListener - no such element: Unable to locate element: {"method":"xpath","selector":"//*[@id="mainContent"]/div/div/div[2]/div[1]/p[1]/b"}
]]></system-err>
</testsuite>
