<?xml version="1.0" encoding="UTF-8"?>
<testsuite name="Prueba tecnica" tests="1" skipped="0" failures="0" errors="0" timestamp="2021-02-12T15:47:26" hostname="DESKTOP-JFL57R2" time="39.959">
  <properties/>
  <testcase name="Resgistrarse en la pagina de utest" classname="Prueba tecnica" time="39.959"/>
  <system-out><![CDATA[]]></system-out>
  <system-err><![CDATA[[Test worker] WARN net.thucydides.core.steps.BaseStepListener - stepStarted: net.thucydides.core.steps.ExecutedStepDescription@67612c66
[Test worker] WARN net.thucydides.core.steps.BaseStepListener - stepStarted: net.thucydides.core.steps.ExecutedStepDescription@4de23cf8
[Test worker] WARN net.thucydides.core.steps.BaseStepListener - stepStarted: net.thucydides.core.steps.ExecutedStepDescription@2a1f19f9
Feb 12, 2021 10:47:26 AM org.openqa.selenium.remote.DesiredCapabilities chrome
INFO: Using `new ChromeOptions()` is preferred to `DesiredCapabilities.chrome()`
[Test worker] INFO net.serenitybdd.core.webdriver.driverproviders.ProvideNewDriver - Instantiating driver
[Test worker] INFO net.serenitybdd.core.webdriver.driverproviders.ProvideNewDriver - Driver capabilities: Capabilities {acceptInsecureCerts: false, browserName: chrome, chrome.switches: --start-maximized, goog:chromeOptions: {args: [--start-maximized], extensions: []}, loggingPrefs: org.openqa.selenium.logging..., platform: ANY, version: }
Starting ChromeDriver 88.0.4324.27 (6347fe8bf1e48bd0c54d07dc55ca011cf40861c9-refs/branch-heads/4324@{#450}) on port 30581
Only local connections are allowed.
Please see https://chromedriver.chromium.org/security-considerations for suggestions on keeping ChromeDriver safe.
ChromeDriver was started successfully.
Feb 12, 2021 10:47:34 AM org.openqa.selenium.remote.ProtocolHandshake createSession
INFO: Detected dialect: W3C
[Test worker] WARN net.thucydides.core.steps.BaseStepListener - stepFinished: current outcome:Resgistrarse en la pagina de utest:Given El usuario quiere registrarse en la pagina de utest [Brandon open up [Brandon opens the Utest page]]
[Test worker] WARN net.thucydides.core.steps.BaseStepListener - stepFinished: current outcome:Resgistrarse en la pagina de utest:Given El usuario quiere registrarse en la pagina de utest [Brandon open up [Brandon opens the Utest page]]
[Test worker] WARN net.thucydides.core.steps.BaseStepListener - stepStarted: net.thucydides.core.steps.ExecutedStepDescription@46137f12
[Test worker] WARN net.thucydides.core.steps.BaseStepListener - stepStarted: net.thucydides.core.steps.ExecutedStepDescription@7bfb7285
[Test worker] WARN net.thucydides.core.steps.BaseStepListener - stepFinished: current outcome:Resgistrarse en la pagina de utest:Given El usuario quiere registrarse en la pagina de utest [Brandon open up [Brandon opens the Utest page], Brandon join t [Brandon clicks on buton de registro]]
[Test worker] WARN net.thucydides.core.steps.BaseStepListener - stepFinished: current outcome:Resgistrarse en la pagina de utest:Given El usuario quiere registrarse en la pagina de utest [Brandon open up [Brandon opens the Utest page], Brandon join t [Brandon clicks on buton de registro]]
[Test worker] WARN net.thucydides.core.steps.BaseStepListener - stepFinished: current outcome:Resgistrarse en la pagina de utest:Given El usuario quiere registrarse en la pagina de utest [Brandon open up [Brandon opens the Utest page], Brandon join t [Brandon clicks on buton de registro]]
[Test worker] WARN net.thucydides.core.steps.BaseStepListener - stepStarted: net.thucydides.core.steps.ExecutedStepDescription@666146f0
[Test worker] WARN net.thucydides.core.steps.BaseStepListener - stepStarted: net.thucydides.core.steps.ExecutedStepDescription@5ad5230e
[Test worker] WARN net.thucydides.core.steps.BaseStepListener - stepStarted: net.thucydides.core.steps.ExecutedStepDescription@27b91e16
[Test worker] WARN net.thucydides.core.steps.BaseStepListener - stepFinished: current outcome:Resgistrarse en la pagina de utest:Given El usuario quiere registrarse en la pagina de utest [Brandon open up [Brandon opens the Utest page], Brandon join t [Brandon clicks on buton de registro]], When El llena el formulario de registro en la pagina de utest
| strFirstName | strLastName | strEmail | strMonth | strDay | strYear | strCity | strZip | strCountry | strComputer | strVersion | strLanguage | strMobil | strModel | strOS | strPassword |
| Jhonatan | Ferreira | jhonferre0616@gmail.com | June | 16 | 1995 | Cúcuta | 540013 | Colombia | Windows | 10 | English | Motorola | Moto G6 Plus | Android 9.0 (Pie) | MiContraseña-2021 | [Brandon fill form [Brandon enters 'Jhonatan' into primer nombre]]
[Test worker] WARN net.thucydides.core.steps.BaseStepListener - stepStarted: net.thucydides.core.steps.ExecutedStepDescription@4ec65508
[Test worker] WARN net.thucydides.core.steps.BaseStepListener - stepFinished: current outcome:Resgistrarse en la pagina de utest:Given El usuario quiere registrarse en la pagina de utest [Brandon open up [Brandon opens the Utest page], Brandon join t [Brandon clicks on buton de registro]], When El llena el formulario de registro en la pagina de utest
| strFirstName | strLastName | strEmail | strMonth | strDay | strYear | strCity | strZip | strCountry | strComputer | strVersion | strLanguage | strMobil | strModel | strOS | strPassword |
| Jhonatan | Ferreira | jhonferre0616@gmail.com | June | 16 | 1995 | Cúcuta | 540013 | Colombia | Windows | 10 | English | Motorola | Moto G6 Plus | Android 9.0 (Pie) | MiContraseña-2021 | [Brandon fill form [Brandon enters 'Jhonatan' into primer nombre, Brandon enters 'Ferreira' into segundo nombre]]
[Test worker] WARN net.thucydides.core.steps.BaseStepListener - stepStarted: net.thucydides.core.steps.ExecutedStepDescription@57e753c2
[Test worker] WARN net.thucydides.core.steps.BaseStepListener - stepFinished: current outcome:Resgistrarse en la pagina de utest:Given El usuario quiere registrarse en la pagina de utest [Brandon open up [Brandon opens the Utest page], Brandon join t [Brandon clicks on buton de registro]], When El llena el formulario de registro en la pagina de utest
| strFirstName | strLastName | strEmail | strMonth | strDay | strYear | strCity | strZip | strCountry | strComputer | strVersion | strLanguage | strMobil | strModel | strOS | strPassword |
| Jhonatan | Ferreira | jhonferre0616@gmail.com | June | 16 | 1995 | Cúcuta | 540013 | Colombia | Windows | 10 | English | Motorola | Moto G6 Plus | Android 9.0 (Pie) | MiContraseña-2021 | [Brandon fill form [Brandon enters 'Jhonatan' into primer nombre, Brandon enters 'Ferreira' into segundo nombre, Brandon enters 'jhonferre0616@gmail.com' into correo]]
[Test worker] WARN net.thucydides.core.steps.BaseStepListener - stepStarted: net.thucydides.core.steps.ExecutedStepDescription@5cf34c10
[Test worker] WARN net.thucydides.core.steps.BaseStepListener - stepFinished: current outcome:Resgistrarse en la pagina de utest:Given El usuario quiere registrarse en la pagina de utest [Brandon open up [Brandon opens the Utest page], Brandon join t [Brandon clicks on buton de registro]], When El llena el formulario de registro en la pagina de utest
| strFirstName | strLastName | strEmail | strMonth | strDay | strYear | strCity | strZip | strCountry | strComputer | strVersion | strLanguage | strMobil | strModel | strOS | strPassword |
| Jhonatan | Ferreira | jhonferre0616@gmail.com | June | 16 | 1995 | Cúcuta | 540013 | Colombia | Windows | 10 | English | Motorola | Moto G6 Plus | Android 9.0 (Pie) | MiContraseña-2021 | [Brandon fill form [Brandon enters 'Jhonatan' into primer nombre, Brandon enters 'Ferreira' into segundo nombre, Brandon enters 'jhonferre0616@gmail.com' into correo, Brandon select June on mes de nacimiento]]
[Test worker] WARN net.thucydides.core.steps.BaseStepListener - stepStarted: net.thucydides.core.steps.ExecutedStepDescription@10176690
[Test worker] WARN net.thucydides.core.steps.BaseStepListener - stepFinished: current outcome:Resgistrarse en la pagina de utest:Given El usuario quiere registrarse en la pagina de utest [Brandon open up [Brandon opens the Utest page], Brandon join t [Brandon clicks on buton de registro]], When El llena el formulario de registro en la pagina de utest
| strFirstName | strLastName | strEmail | strMonth | strDay | strYear | strCity | strZip | strCountry | strComputer | strVersion | strLanguage | strMobil | strModel | strOS | strPassword |
| Jhonatan | Ferreira | jhonferre0616@gmail.com | June | 16 | 1995 | Cúcuta | 540013 | Colombia | Windows | 10 | English | Motorola | Moto G6 Plus | Android 9.0 (Pie) | MiContraseña-2021 | [Brandon fill form [Brandon enters 'Jhonatan' into primer nombre, Brandon enters 'Ferreira' into segundo nombre, Brandon enters 'jhonferre0616@gmail.com' into correo, Brandon select June on mes de nacimiento, Brandon select 16 on dia de nacimiento]]
[Test worker] WARN net.thucydides.core.steps.BaseStepListener - stepStarted: net.thucydides.core.steps.ExecutedStepDescription@38c6322e
[Test worker] WARN net.thucydides.core.steps.BaseStepListener - stepFinished: current outcome:Resgistrarse en la pagina de utest:Given El usuario quiere registrarse en la pagina de utest [Brandon open up [Brandon opens the Utest page], Brandon join t [Brandon clicks on buton de registro]], When El llena el formulario de registro en la pagina de utest
| strFirstName | strLastName | strEmail | strMonth | strDay | strYear | strCity | strZip | strCountry | strComputer | strVersion | strLanguage | strMobil | strModel | strOS | strPassword |
| Jhonatan | Ferreira | jhonferre0616@gmail.com | June | 16 | 1995 | Cúcuta | 540013 | Colombia | Windows | 10 | English | Motorola | Moto G6 Plus | Android 9.0 (Pie) | MiContraseña-2021 | [Brandon fill form [Brandon enters 'Jhonatan' into primer nombre, Brandon enters 'Ferreira' into segundo nombre, Brandon enters 'jhonferre0616@gmail.com' into correo, Brandon select June on mes de nacimiento, Brandon select 16 on dia de nacimiento, Brandon select 1995 on aÃ±o de nacimiento]]
[Test worker] WARN net.thucydides.core.steps.BaseStepListener - stepStarted: net.thucydides.core.steps.ExecutedStepDescription@595b0811
[Test worker] WARN net.thucydides.core.steps.BaseStepListener - stepFinished: current outcome:Resgistrarse en la pagina de utest:Given El usuario quiere registrarse en la pagina de utest [Brandon open up [Brandon opens the Utest page], Brandon join t [Brandon clicks on buton de registro]], When El llena el formulario de registro en la pagina de utest
| strFirstName | strLastName | strEmail | strMonth | strDay | strYear | strCity | strZip | strCountry | strComputer | strVersion | strLanguage | strMobil | strModel | strOS | strPassword |
| Jhonatan | Ferreira | jhonferre0616@gmail.com | June | 16 | 1995 | Cúcuta | 540013 | Colombia | Windows | 10 | English | Motorola | Moto G6 Plus | Android 9.0 (Pie) | MiContraseña-2021 | [Brandon fill form [Brandon enters 'Jhonatan' into primer nombre, Brandon enters 'Ferreira' into segundo nombre, Brandon enters 'jhonferre0616@gmail.com' into correo, Brandon select June on mes de nacimiento, Brandon select 16 on dia de nacimiento, Brandon select 1995 on aÃ±o de nacimiento, Brandon clicks on Primer boton]]
[Test worker] WARN net.thucydides.core.steps.BaseStepListener - stepStarted: net.thucydides.core.steps.ExecutedStepDescription@138df675
[Test worker] WARN net.thucydides.core.steps.BaseStepListener - stepFinished: current outcome:Resgistrarse en la pagina de utest:Given El usuario quiere registrarse en la pagina de utest [Brandon open up [Brandon opens the Utest page], Brandon join t [Brandon clicks on buton de registro]], When El llena el formulario de registro en la pagina de utest
| strFirstName | strLastName | strEmail | strMonth | strDay | strYear | strCity | strZip | strCountry | strComputer | strVersion | strLanguage | strMobil | strModel | strOS | strPassword |
| Jhonatan | Ferreira | jhonferre0616@gmail.com | June | 16 | 1995 | Cúcuta | 540013 | Colombia | Windows | 10 | English | Motorola | Moto G6 Plus | Android 9.0 (Pie) | MiContraseña-2021 | [Brandon fill form [Brandon enters 'Jhonatan' into primer nombre, Brandon enters 'Ferreira' into segundo nombre, Brandon enters 'jhonferre0616@gmail.com' into correo, Brandon select June on mes de nacimiento, Brandon select 16 on dia de nacimiento, Brandon select 1995 on aÃ±o de nacimiento, Brandon clicks on Primer boton, Brandon enters 'Cúcuta' into Ingresar Ciudad]]
[Test worker] WARN net.thucydides.core.steps.BaseStepListener - stepStarted: net.thucydides.core.steps.ExecutedStepDescription@61d34f3
[Test worker] WARN net.thucydides.core.steps.BaseStepListener - stepFinished: current outcome:Resgistrarse en la pagina de utest:Given El usuario quiere registrarse en la pagina de utest [Brandon open up [Brandon opens the Utest page], Brandon join t [Brandon clicks on buton de registro]], When El llena el formulario de registro en la pagina de utest
| strFirstName | strLastName | strEmail | strMonth | strDay | strYear | strCity | strZip | strCountry | strComputer | strVersion | strLanguage | strMobil | strModel | strOS | strPassword |
| Jhonatan | Ferreira | jhonferre0616@gmail.com | June | 16 | 1995 | Cúcuta | 540013 | Colombia | Windows | 10 | English | Motorola | Moto G6 Plus | Android 9.0 (Pie) | MiContraseña-2021 | [Brandon fill form [Brandon enters 'Jhonatan' into primer nombre, Brandon enters 'Ferreira' into segundo nombre, Brandon enters 'jhonferre0616@gmail.com' into correo, Brandon select June on mes de nacimiento, Brandon select 16 on dia de nacimiento, Brandon select 1995 on aÃ±o de nacimiento, Brandon clicks on Primer boton, Brandon enters 'Cúcuta' into Ingresar Ciudad, Brandon enters '540013' into Ingresar Codigo Postal]]
[Test worker] WARN net.thucydides.core.steps.BaseStepListener - stepStarted: net.thucydides.core.steps.ExecutedStepDescription@4364bf4b
[Test worker] WARN net.thucydides.core.steps.BaseStepListener - stepFinished: current outcome:Resgistrarse en la pagina de utest:Given El usuario quiere registrarse en la pagina de utest [Brandon open up [Brandon opens the Utest page], Brandon join t [Brandon clicks on buton de registro]], When El llena el formulario de registro en la pagina de utest
| strFirstName | strLastName | strEmail | strMonth | strDay | strYear | strCity | strZip | strCountry | strComputer | strVersion | strLanguage | strMobil | strModel | strOS | strPassword |
| Jhonatan | Ferreira | jhonferre0616@gmail.com | June | 16 | 1995 | Cúcuta | 540013 | Colombia | Windows | 10 | English | Motorola | Moto G6 Plus | Android 9.0 (Pie) | MiContraseña-2021 | [Brandon fill form [Brandon enters 'Jhonatan' into primer nombre, Brandon enters 'Ferreira' into segundo nombre, Brandon enters 'jhonferre0616@gmail.com' into correo, Brandon select June on mes de nacimiento, Brandon select 16 on dia de nacimiento, Brandon select 1995 on aÃ±o de nacimiento, Brandon clicks on Primer boton, Brandon enters 'Cúcuta' into Ingresar Ciudad, Brandon enters '540013' into Ingresar Codigo Postal, Brandon clicks on Seleccionar Pais]]
[Test worker] WARN net.thucydides.core.steps.BaseStepListener - stepStarted: net.thucydides.core.steps.ExecutedStepDescription@25d890dd
[Test worker] WARN net.thucydides.core.steps.BaseStepListener - stepFinished: current outcome:Resgistrarse en la pagina de utest:Given El usuario quiere registrarse en la pagina de utest [Brandon open up [Brandon opens the Utest page], Brandon join t [Brandon clicks on buton de registro]], When El llena el formulario de registro en la pagina de utest
| strFirstName | strLastName | strEmail | strMonth | strDay | strYear | strCity | strZip | strCountry | strComputer | strVersion | strLanguage | strMobil | strModel | strOS | strPassword |
| Jhonatan | Ferreira | jhonferre0616@gmail.com | June | 16 | 1995 | Cúcuta | 540013 | Colombia | Windows | 10 | English | Motorola | Moto G6 Plus | Android 9.0 (Pie) | MiContraseña-2021 | [Brandon fill form [Brandon enters 'Jhonatan' into primer nombre, Brandon enters 'Ferreira' into segundo nombre, Brandon enters 'jhonferre0616@gmail.com' into correo, Brandon select June on mes de nacimiento, Brandon select 16 on dia de nacimiento, Brandon select 1995 on aÃ±o de nacimiento, Brandon clicks on Primer boton, Brandon enters 'Cúcuta' into Ingresar Ciudad, Brandon enters '540013' into Ingresar Codigo Postal, Brandon clicks on Seleccionar Pais, Brandon clicks on Segundo Boton]]
[Test worker] WARN net.thucydides.core.steps.BaseStepListener - stepStarted: net.thucydides.core.steps.ExecutedStepDescription@ee4a631
[Test worker] WARN net.thucydides.core.steps.BaseStepListener - stepFinished: current outcome:Resgistrarse en la pagina de utest:Given El usuario quiere registrarse en la pagina de utest [Brandon open up [Brandon opens the Utest page], Brandon join t [Brandon clicks on buton de registro]], When El llena el formulario de registro en la pagina de utest
| strFirstName | strLastName | strEmail | strMonth | strDay | strYear | strCity | strZip | strCountry | strComputer | strVersion | strLanguage | strMobil | strModel | strOS | strPassword |
| Jhonatan | Ferreira | jhonferre0616@gmail.com | June | 16 | 1995 | Cúcuta | 540013 | Colombia | Windows | 10 | English | Motorola | Moto G6 Plus | Android 9.0 (Pie) | MiContraseña-2021 | [Brandon fill form [Brandon enters 'Jhonatan' into primer nombre, Brandon enters 'Ferreira' into segundo nombre, Brandon enters 'jhonferre0616@gmail.com' into correo, Brandon select June on mes de nacimiento, Brandon select 16 on dia de nacimiento, Brandon select 1995 on aÃ±o de nacimiento, Brandon clicks on Primer boton, Brandon enters 'Cúcuta' into Ingresar Ciudad, Brandon enters '540013' into Ingresar Codigo Postal, Brandon clicks on Seleccionar Pais, Brandon clicks on Segundo Boton, Brandon clicks on Seleccionar Computadora]]
[Test worker] WARN net.thucydides.core.steps.BaseStepListener - stepStarted: net.thucydides.core.steps.ExecutedStepDescription@49cb0ae1
[Test worker] WARN net.thucydides.core.steps.BaseStepListener - stepFinished: current outcome:Resgistrarse en la pagina de utest:Given El usuario quiere registrarse en la pagina de utest [Brandon open up [Brandon opens the Utest page], Brandon join t [Brandon clicks on buton de registro]], When El llena el formulario de registro en la pagina de utest
| strFirstName | strLastName | strEmail | strMonth | strDay | strYear | strCity | strZip | strCountry | strComputer | strVersion | strLanguage | strMobil | strModel | strOS | strPassword |
| Jhonatan | Ferreira | jhonferre0616@gmail.com | June | 16 | 1995 | Cúcuta | 540013 | Colombia | Windows | 10 | English | Motorola | Moto G6 Plus | Android 9.0 (Pie) | MiContraseña-2021 | [Brandon fill form [Brandon enters 'Jhonatan' into primer nombre, Brandon enters 'Ferreira' into segundo nombre, Brandon enters 'jhonferre0616@gmail.com' into correo, Brandon select June on mes de nacimiento, Brandon select 16 on dia de nacimiento, Brandon select 1995 on aÃ±o de nacimiento, Brandon clicks on Primer boton, Brandon enters 'Cúcuta' into Ingresar Ciudad, Brandon enters '540013' into Ingresar Codigo Postal, Brandon clicks on Seleccionar Pais, Brandon clicks on Segundo Boton, Brandon clicks on Seleccionar Computadora, Brandon clicks on Seleccionar Version]]
[Test worker] WARN net.thucydides.core.steps.BaseStepListener - stepStarted: net.thucydides.core.steps.ExecutedStepDescription@3edfdcb5
[Test worker] WARN net.thucydides.core.steps.BaseStepListener - stepFinished: current outcome:Resgistrarse en la pagina de utest:Given El usuario quiere registrarse en la pagina de utest [Brandon open up [Brandon opens the Utest page], Brandon join t [Brandon clicks on buton de registro]], When El llena el formulario de registro en la pagina de utest
| strFirstName | strLastName | strEmail | strMonth | strDay | strYear | strCity | strZip | strCountry | strComputer | strVersion | strLanguage | strMobil | strModel | strOS | strPassword |
| Jhonatan | Ferreira | jhonferre0616@gmail.com | June | 16 | 1995 | Cúcuta | 540013 | Colombia | Windows | 10 | English | Motorola | Moto G6 Plus | Android 9.0 (Pie) | MiContraseña-2021 | [Brandon fill form [Brandon enters 'Jhonatan' into primer nombre, Brandon enters 'Ferreira' into segundo nombre, Brandon enters 'jhonferre0616@gmail.com' into correo, Brandon select June on mes de nacimiento, Brandon select 16 on dia de nacimiento, Brandon select 1995 on aÃ±o de nacimiento, Brandon clicks on Primer boton, Brandon enters 'Cúcuta' into Ingresar Ciudad, Brandon enters '540013' into Ingresar Codigo Postal, Brandon clicks on Seleccionar Pais, Brandon clicks on Segundo Boton, Brandon clicks on Seleccionar Computadora, Brandon clicks on Seleccionar Version, Brandon clicks on Seleccionar Lenguaje]]
[Test worker] WARN net.thucydides.core.steps.BaseStepListener - stepStarted: net.thucydides.core.steps.ExecutedStepDescription@133d6daa
[Test worker] WARN net.thucydides.core.steps.BaseStepListener - stepFinished: current outcome:Resgistrarse en la pagina de utest:Given El usuario quiere registrarse en la pagina de utest [Brandon open up [Brandon opens the Utest page], Brandon join t [Brandon clicks on buton de registro]], When El llena el formulario de registro en la pagina de utest
| strFirstName | strLastName | strEmail | strMonth | strDay | strYear | strCity | strZip | strCountry | strComputer | strVersion | strLanguage | strMobil | strModel | strOS | strPassword |
| Jhonatan | Ferreira | jhonferre0616@gmail.com | June | 16 | 1995 | Cúcuta | 540013 | Colombia | Windows | 10 | English | Motorola | Moto G6 Plus | Android 9.0 (Pie) | MiContraseña-2021 | [Brandon fill form [Brandon enters 'Jhonatan' into primer nombre, Brandon enters 'Ferreira' into segundo nombre, Brandon enters 'jhonferre0616@gmail.com' into correo, Brandon select June on mes de nacimiento, Brandon select 16 on dia de nacimiento, Brandon select 1995 on aÃ±o de nacimiento, Brandon clicks on Primer boton, Brandon enters 'Cúcuta' into Ingresar Ciudad, Brandon enters '540013' into Ingresar Codigo Postal, Brandon clicks on Seleccionar Pais, Brandon clicks on Segundo Boton, Brandon clicks on Seleccionar Computadora, Brandon clicks on Seleccionar Version, Brandon clicks on Seleccionar Lenguaje, Brandon clicks on Seleccionar mobil]]
[Test worker] WARN net.thucydides.core.steps.BaseStepListener - stepStarted: net.thucydides.core.steps.ExecutedStepDescription@42e78008
[Test worker] WARN net.thucydides.core.steps.BaseStepListener - stepFinished: current outcome:Resgistrarse en la pagina de utest:Given El usuario quiere registrarse en la pagina de utest [Brandon open up [Brandon opens the Utest page], Brandon join t [Brandon clicks on buton de registro]], When El llena el formulario de registro en la pagina de utest
| strFirstName | strLastName | strEmail | strMonth | strDay | strYear | strCity | strZip | strCountry | strComputer | strVersion | strLanguage | strMobil | strModel | strOS | strPassword |
| Jhonatan | Ferreira | jhonferre0616@gmail.com | June | 16 | 1995 | Cúcuta | 540013 | Colombia | Windows | 10 | English | Motorola | Moto G6 Plus | Android 9.0 (Pie) | MiContraseña-2021 | [Brandon fill form [Brandon enters 'Jhonatan' into primer nombre, Brandon enters 'Ferreira' into segundo nombre, Brandon enters 'jhonferre0616@gmail.com' into correo, Brandon select June on mes de nacimiento, Brandon select 16 on dia de nacimiento, Brandon select 1995 on aÃ±o de nacimiento, Brandon clicks on Primer boton, Brandon enters 'Cúcuta' into Ingresar Ciudad, Brandon enters '540013' into Ingresar Codigo Postal, Brandon clicks on Seleccionar Pais, Brandon clicks on Segundo Boton, Brandon clicks on Seleccionar Computadora, Brandon clicks on Seleccionar Version, Brandon clicks on Seleccionar Lenguaje, Brandon clicks on Seleccionar mobil, Brandon clicks on Seleccionar modelo]]
[Test worker] WARN net.thucydides.core.steps.BaseStepListener - stepStarted: net.thucydides.core.steps.ExecutedStepDescription@61afdd58
[Test worker] WARN net.thucydides.core.steps.BaseStepListener - stepFinished: current outcome:Resgistrarse en la pagina de utest:Given El usuario quiere registrarse en la pagina de utest [Brandon open up [Brandon opens the Utest page], Brandon join t [Brandon clicks on buton de registro]], When El llena el formulario de registro en la pagina de utest
| strFirstName | strLastName | strEmail | strMonth | strDay | strYear | strCity | strZip | strCountry | strComputer | strVersion | strLanguage | strMobil | strModel | strOS | strPassword |
| Jhonatan | Ferreira | jhonferre0616@gmail.com | June | 16 | 1995 | Cúcuta | 540013 | Colombia | Windows | 10 | English | Motorola | Moto G6 Plus | Android 9.0 (Pie) | MiContraseña-2021 | [Brandon fill form [Brandon enters 'Jhonatan' into primer nombre, Brandon enters 'Ferreira' into segundo nombre, Brandon enters 'jhonferre0616@gmail.com' into correo, Brandon select June on mes de nacimiento, Brandon select 16 on dia de nacimiento, Brandon select 1995 on aÃ±o de nacimiento, Brandon clicks on Primer boton, Brandon enters 'Cúcuta' into Ingresar Ciudad, Brandon enters '540013' into Ingresar Codigo Postal, Brandon clicks on Seleccionar Pais, Brandon clicks on Segundo Boton, Brandon clicks on Seleccionar Computadora, Brandon clicks on Seleccionar Version, Brandon clicks on Seleccionar Lenguaje, Brandon clicks on Seleccionar mobil, Brandon clicks on Seleccionar modelo, Brandon clicks on Seleccioanr Sistema Operativo]]
[Test worker] WARN net.thucydides.core.steps.BaseStepListener - stepStarted: net.thucydides.core.steps.ExecutedStepDescription@364093be
[Test worker] WARN net.thucydides.core.steps.BaseStepListener - stepFinished: current outcome:Resgistrarse en la pagina de utest:Given El usuario quiere registrarse en la pagina de utest [Brandon open up [Brandon opens the Utest page], Brandon join t [Brandon clicks on buton de registro]], When El llena el formulario de registro en la pagina de utest
| strFirstName | strLastName | strEmail | strMonth | strDay | strYear | strCity | strZip | strCountry | strComputer | strVersion | strLanguage | strMobil | strModel | strOS | strPassword |
| Jhonatan | Ferreira | jhonferre0616@gmail.com | June | 16 | 1995 | Cúcuta | 540013 | Colombia | Windows | 10 | English | Motorola | Moto G6 Plus | Android 9.0 (Pie) | MiContraseña-2021 | [Brandon fill form [Brandon enters 'Jhonatan' into primer nombre, Brandon enters 'Ferreira' into segundo nombre, Brandon enters 'jhonferre0616@gmail.com' into correo, Brandon select June on mes de nacimiento, Brandon select 16 on dia de nacimiento, Brandon select 1995 on aÃ±o de nacimiento, Brandon clicks on Primer boton, Brandon enters 'Cúcuta' into Ingresar Ciudad, Brandon enters '540013' into Ingresar Codigo Postal, Brandon clicks on Seleccionar Pais, Brandon clicks on Segundo Boton, Brandon clicks on Seleccionar Computadora, Brandon clicks on Seleccionar Version, Brandon clicks on Seleccionar Lenguaje, Brandon clicks on Seleccionar mobil, Brandon clicks on Seleccionar modelo, Brandon clicks on Seleccioanr Sistema Operativo, Brandon clicks on Tercer Boton]]
[Test worker] WARN net.thucydides.core.steps.BaseStepListener - stepStarted: net.thucydides.core.steps.ExecutedStepDescription@246f38c6
[Test worker] WARN net.thucydides.core.steps.BaseStepListener - stepFinished: current outcome:Resgistrarse en la pagina de utest:Given El usuario quiere registrarse en la pagina de utest [Brandon open up [Brandon opens the Utest page], Brandon join t [Brandon clicks on buton de registro]], When El llena el formulario de registro en la pagina de utest
| strFirstName | strLastName | strEmail | strMonth | strDay | strYear | strCity | strZip | strCountry | strComputer | strVersion | strLanguage | strMobil | strModel | strOS | strPassword |
| Jhonatan | Ferreira | jhonferre0616@gmail.com | June | 16 | 1995 | Cúcuta | 540013 | Colombia | Windows | 10 | English | Motorola | Moto G6 Plus | Android 9.0 (Pie) | MiContraseña-2021 | [Brandon fill form [Brandon enters 'Jhonatan' into primer nombre, Brandon enters 'Ferreira' into segundo nombre, Brandon enters 'jhonferre0616@gmail.com' into correo, Brandon select June on mes de nacimiento, Brandon select 16 on dia de nacimiento, Brandon select 1995 on aÃ±o de nacimiento, Brandon clicks on Primer boton, Brandon enters 'Cúcuta' into Ingresar Ciudad, Brandon enters '540013' into Ingresar Codigo Postal, Brandon clicks on Seleccionar Pais, Brandon clicks on Segundo Boton, Brandon clicks on Seleccionar Computadora, Brandon clicks on Seleccionar Version, Brandon clicks on Seleccionar Lenguaje, Brandon clicks on Seleccionar mobil, Brandon clicks on Seleccionar modelo, Brandon clicks on Seleccioanr Sistema Operativo, Brandon clicks on Tercer Boton, Brandon enters 'MiContraseña-2021' into Ingresar ContraseÃ±a]]
[Test worker] WARN net.thucydides.core.steps.BaseStepListener - stepStarted: net.thucydides.core.steps.ExecutedStepDescription@3a80bbd7
[Test worker] WARN net.thucydides.core.steps.BaseStepListener - stepFinished: current outcome:Resgistrarse en la pagina de utest:Given El usuario quiere registrarse en la pagina de utest [Brandon open up [Brandon opens the Utest page], Brandon join t [Brandon clicks on buton de registro]], When El llena el formulario de registro en la pagina de utest
| strFirstName | strLastName | strEmail | strMonth | strDay | strYear | strCity | strZip | strCountry | strComputer | strVersion | strLanguage | strMobil | strModel | strOS | strPassword |
| Jhonatan | Ferreira | jhonferre0616@gmail.com | June | 16 | 1995 | Cúcuta | 540013 | Colombia | Windows | 10 | English | Motorola | Moto G6 Plus | Android 9.0 (Pie) | MiContraseña-2021 | [Brandon fill form [Brandon enters 'Jhonatan' into primer nombre, Brandon enters 'Ferreira' into segundo nombre, Brandon enters 'jhonferre0616@gmail.com' into correo, Brandon select June on mes de nacimiento, Brandon select 16 on dia de nacimiento, Brandon select 1995 on aÃ±o de nacimiento, Brandon clicks on Primer boton, Brandon enters 'Cúcuta' into Ingresar Ciudad, Brandon enters '540013' into Ingresar Codigo Postal, Brandon clicks on Seleccionar Pais, Brandon clicks on Segundo Boton, Brandon clicks on Seleccionar Computadora, Brandon clicks on Seleccionar Version, Brandon clicks on Seleccionar Lenguaje, Brandon clicks on Seleccionar mobil, Brandon clicks on Seleccionar modelo, Brandon clicks on Seleccioanr Sistema Operativo, Brandon clicks on Tercer Boton, Brandon enters 'MiContraseña-2021' into Ingresar ContraseÃ±a, Brandon enters 'MiContraseña-2021' into Confirmar contraseÃ±a]]
[Test worker] WARN net.thucydides.core.steps.BaseStepListener - stepStarted: net.thucydides.core.steps.ExecutedStepDescription@3ae6eb0d
[Test worker] WARN net.thucydides.core.steps.BaseStepListener - stepFinished: current outcome:Resgistrarse en la pagina de utest:Given El usuario quiere registrarse en la pagina de utest [Brandon open up [Brandon opens the Utest page], Brandon join t [Brandon clicks on buton de registro]], When El llena el formulario de registro en la pagina de utest
| strFirstName | strLastName | strEmail | strMonth | strDay | strYear | strCity | strZip | strCountry | strComputer | strVersion | strLanguage | strMobil | strModel | strOS | strPassword |
| Jhonatan | Ferreira | jhonferre0616@gmail.com | June | 16 | 1995 | Cúcuta | 540013 | Colombia | Windows | 10 | English | Motorola | Moto G6 Plus | Android 9.0 (Pie) | MiContraseña-2021 | [Brandon fill form [Brandon enters 'Jhonatan' into primer nombre, Brandon enters 'Ferreira' into segundo nombre, Brandon enters 'jhonferre0616@gmail.com' into correo, Brandon select June on mes de nacimiento, Brandon select 16 on dia de nacimiento, Brandon select 1995 on aÃ±o de nacimiento, Brandon clicks on Primer boton, Brandon enters 'Cúcuta' into Ingresar Ciudad, Brandon enters '540013' into Ingresar Codigo Postal, Brandon clicks on Seleccionar Pais, Brandon clicks on Segundo Boton, Brandon clicks on Seleccionar Computadora, Brandon clicks on Seleccionar Version, Brandon clicks on Seleccionar Lenguaje, Brandon clicks on Seleccionar mobil, Brandon clicks on Seleccionar modelo, Brandon clicks on Seleccioanr Sistema Operativo, Brandon clicks on Tercer Boton, Brandon enters 'MiContraseña-2021' into Ingresar ContraseÃ±a, Brandon enters 'MiContraseña-2021' into Confirmar contraseÃ±a, Brandon clicks on Tercer Boton]]
[Test worker] WARN net.thucydides.core.steps.BaseStepListener - stepStarted: net.thucydides.core.steps.ExecutedStepDescription@5beecff2
[Test worker] WARN net.thucydides.core.steps.BaseStepListener - stepFinished: current outcome:Resgistrarse en la pagina de utest:Given El usuario quiere registrarse en la pagina de utest [Brandon open up [Brandon opens the Utest page], Brandon join t [Brandon clicks on buton de registro]], When El llena el formulario de registro en la pagina de utest
| strFirstName | strLastName | strEmail | strMonth | strDay | strYear | strCity | strZip | strCountry | strComputer | strVersion | strLanguage | strMobil | strModel | strOS | strPassword |
| Jhonatan | Ferreira | jhonferre0616@gmail.com | June | 16 | 1995 | Cúcuta | 540013 | Colombia | Windows | 10 | English | Motorola | Moto G6 Plus | Android 9.0 (Pie) | MiContraseña-2021 | [Brandon fill form [Brandon enters 'Jhonatan' into primer nombre, Brandon enters 'Ferreira' into segundo nombre, Brandon enters 'jhonferre0616@gmail.com' into correo, Brandon select June on mes de nacimiento, Brandon select 16 on dia de nacimiento, Brandon select 1995 on aÃ±o de nacimiento, Brandon clicks on Primer boton, Brandon enters 'Cúcuta' into Ingresar Ciudad, Brandon enters '540013' into Ingresar Codigo Postal, Brandon clicks on Seleccionar Pais, Brandon clicks on Segundo Boton, Brandon clicks on Seleccionar Computadora, Brandon clicks on Seleccionar Version, Brandon clicks on Seleccionar Lenguaje, Brandon clicks on Seleccionar mobil, Brandon clicks on Seleccionar modelo, Brandon clicks on Seleccioanr Sistema Operativo, Brandon clicks on Tercer Boton, Brandon enters 'MiContraseña-2021' into Ingresar ContraseÃ±a, Brandon enters 'MiContraseña-2021' into Confirmar contraseÃ±a, Brandon clicks on Tercer Boton, Brandon clicks on Tercer Boton]]
[Test worker] WARN net.thucydides.core.steps.BaseStepListener - stepFinished: current outcome:Resgistrarse en la pagina de utest:Given El usuario quiere registrarse en la pagina de utest [Brandon open up [Brandon opens the Utest page], Brandon join t [Brandon clicks on buton de registro]], When El llena el formulario de registro en la pagina de utest
| strFirstName | strLastName | strEmail | strMonth | strDay | strYear | strCity | strZip | strCountry | strComputer | strVersion | strLanguage | strMobil | strModel | strOS | strPassword |
| Jhonatan | Ferreira | jhonferre0616@gmail.com | June | 16 | 1995 | Cúcuta | 540013 | Colombia | Windows | 10 | English | Motorola | Moto G6 Plus | Android 9.0 (Pie) | MiContraseña-2021 | [Brandon fill form [Brandon enters 'Jhonatan' into primer nombre, Brandon enters 'Ferreira' into segundo nombre, Brandon enters 'jhonferre0616@gmail.com' into correo, Brandon select June on mes de nacimiento, Brandon select 16 on dia de nacimiento, Brandon select 1995 on aÃ±o de nacimiento, Brandon clicks on Primer boton, Brandon enters 'Cúcuta' into Ingresar Ciudad, Brandon enters '540013' into Ingresar Codigo Postal, Brandon clicks on Seleccionar Pais, Brandon clicks on Segundo Boton, Brandon clicks on Seleccionar Computadora, Brandon clicks on Seleccionar Version, Brandon clicks on Seleccionar Lenguaje, Brandon clicks on Seleccionar mobil, Brandon clicks on Seleccionar modelo, Brandon clicks on Seleccioanr Sistema Operativo, Brandon clicks on Tercer Boton, Brandon enters 'MiContraseña-2021' into Ingresar ContraseÃ±a, Brandon enters 'MiContraseña-2021' into Confirmar contraseÃ±a, Brandon clicks on Tercer Boton, Brandon clicks on Tercer Boton]]
[Test worker] WARN net.thucydides.core.steps.BaseStepListener - stepFinished: current outcome:Resgistrarse en la pagina de utest:Given El usuario quiere registrarse en la pagina de utest [Brandon open up [Brandon opens the Utest page], Brandon join t [Brandon clicks on buton de registro]], When El llena el formulario de registro en la pagina de utest
| strFirstName | strLastName | strEmail | strMonth | strDay | strYear | strCity | strZip | strCountry | strComputer | strVersion | strLanguage | strMobil | strModel | strOS | strPassword |
| Jhonatan | Ferreira | jhonferre0616@gmail.com | June | 16 | 1995 | Cúcuta | 540013 | Colombia | Windows | 10 | English | Motorola | Moto G6 Plus | Android 9.0 (Pie) | MiContraseña-2021 | [Brandon fill form [Brandon enters 'Jhonatan' into primer nombre, Brandon enters 'Ferreira' into segundo nombre, Brandon enters 'jhonferre0616@gmail.com' into correo, Brandon select June on mes de nacimiento, Brandon select 16 on dia de nacimiento, Brandon select 1995 on aÃ±o de nacimiento, Brandon clicks on Primer boton, Brandon enters 'Cúcuta' into Ingresar Ciudad, Brandon enters '540013' into Ingresar Codigo Postal, Brandon clicks on Seleccionar Pais, Brandon clicks on Segundo Boton, Brandon clicks on Seleccionar Computadora, Brandon clicks on Seleccionar Version, Brandon clicks on Seleccionar Lenguaje, Brandon clicks on Seleccionar mobil, Brandon clicks on Seleccionar modelo, Brandon clicks on Seleccioanr Sistema Operativo, Brandon clicks on Tercer Boton, Brandon enters 'MiContraseña-2021' into Ingresar ContraseÃ±a, Brandon enters 'MiContraseña-2021' into Confirmar contraseÃ±a, Brandon clicks on Tercer Boton, Brandon clicks on Tercer Boton]]
[Test worker] WARN net.thucydides.core.steps.BaseStepListener - stepStarted: net.thucydides.core.steps.ExecutedStepDescription@203dc216
[Test worker] WARN net.thucydides.core.steps.BaseStepListener - stepFinished: current outcome:Resgistrarse en la pagina de utest:Given El usuario quiere registrarse en la pagina de utest [Brandon open up [Brandon opens the Utest page], Brandon join t [Brandon clicks on buton de registro]], When El llena el formulario de registro en la pagina de utest
| strFirstName | strLastName | strEmail | strMonth | strDay | strYear | strCity | strZip | strCountry | strComputer | strVersion | strLanguage | strMobil | strModel | strOS | strPassword |
| Jhonatan | Ferreira | jhonferre0616@gmail.com | June | 16 | 1995 | Cúcuta | 540013 | Colombia | Windows | 10 | English | Motorola | Moto G6 Plus | Android 9.0 (Pie) | MiContraseña-2021 | [Brandon fill form [Brandon enters 'Jhonatan' into primer nombre, Brandon enters 'Ferreira' into segundo nombre, Brandon enters 'jhonferre0616@gmail.com' into correo, Brandon select June on mes de nacimiento, Brandon select 16 on dia de nacimiento, Brandon select 1995 on aÃ±o de nacimiento, Brandon clicks on Primer boton, Brandon enters 'Cúcuta' into Ingresar Ciudad, Brandon enters '540013' into Ingresar Codigo Postal, Brandon clicks on Seleccionar Pais, Brandon clicks on Segundo Boton, Brandon clicks on Seleccionar Computadora, Brandon clicks on Seleccionar Version, Brandon clicks on Seleccionar Lenguaje, Brandon clicks on Seleccionar mobil, Brandon clicks on Seleccionar modelo, Brandon clicks on Seleccioanr Sistema Operativo, Brandon clicks on Tercer Boton, Brandon enters 'MiContraseña-2021' into Ingresar ContraseÃ±a, Brandon enters 'MiContraseña-2021' into Confirmar contraseÃ±a, Brandon clicks on Tercer Boton, Brandon clicks on Tercer Boton]], Then el termina el registro satisfactoriamente
[Test worker] WARN net.thucydides.core.steps.BaseStepListener - testFinished: Resgistrarse en la pagina de utest:Given El usuario quiere registrarse en la pagina de utest [Brandon open up [Brandon opens the Utest page], Brandon join t [Brandon clicks on buton de registro]], When El llena el formulario de registro en la pagina de utest
| strFirstName | strLastName | strEmail | strMonth | strDay | strYear | strCity | strZip | strCountry | strComputer | strVersion | strLanguage | strMobil | strModel | strOS | strPassword |
| Jhonatan | Ferreira | jhonferre0616@gmail.com | June | 16 | 1995 | Cúcuta | 540013 | Colombia | Windows | 10 | English | Motorola | Moto G6 Plus | Android 9.0 (Pie) | MiContraseña-2021 | [Brandon fill form [Brandon enters 'Jhonatan' into primer nombre, Brandon enters 'Ferreira' into segundo nombre, Brandon enters 'jhonferre0616@gmail.com' into correo, Brandon select June on mes de nacimiento, Brandon select 16 on dia de nacimiento, Brandon select 1995 on aÃ±o de nacimiento, Brandon clicks on Primer boton, Brandon enters 'Cúcuta' into Ingresar Ciudad, Brandon enters '540013' into Ingresar Codigo Postal, Brandon clicks on Seleccionar Pais, Brandon clicks on Segundo Boton, Brandon clicks on Seleccionar Computadora, Brandon clicks on Seleccionar Version, Brandon clicks on Seleccionar Lenguaje, Brandon clicks on Seleccionar mobil, Brandon clicks on Seleccionar modelo, Brandon clicks on Seleccioanr Sistema Operativo, Brandon clicks on Tercer Boton, Brandon enters 'MiContraseña-2021' into Ingresar ContraseÃ±a, Brandon enters 'MiContraseña-2021' into Confirmar contraseÃ±a, Brandon clicks on Tercer Boton, Brandon clicks on Tercer Boton]], Then el termina el registro satisfactoriamente
[Test worker] WARN net.thucydides.core.steps.BaseStepListener - TestOutcomes: [Resgistrarse en la pagina de utest:Given El usuario quiere registrarse en la pagina de utest [Brandon open up [Brandon opens the Utest page], Brandon join t [Brandon clicks on buton de registro]], When El llena el formulario de registro en la pagina de utest
| strFirstName | strLastName | strEmail | strMonth | strDay | strYear | strCity | strZip | strCountry | strComputer | strVersion | strLanguage | strMobil | strModel | strOS | strPassword |
| Jhonatan | Ferreira | jhonferre0616@gmail.com | June | 16 | 1995 | Cúcuta | 540013 | Colombia | Windows | 10 | English | Motorola | Moto G6 Plus | Android 9.0 (Pie) | MiContraseña-2021 | [Brandon fill form [Brandon enters 'Jhonatan' into primer nombre, Brandon enters 'Ferreira' into segundo nombre, Brandon enters 'jhonferre0616@gmail.com' into correo, Brandon select June on mes de nacimiento, Brandon select 16 on dia de nacimiento, Brandon select 1995 on aÃ±o de nacimiento, Brandon clicks on Primer boton, Brandon enters 'Cúcuta' into Ingresar Ciudad, Brandon enters '540013' into Ingresar Codigo Postal, Brandon clicks on Seleccionar Pais, Brandon clicks on Segundo Boton, Brandon clicks on Seleccionar Computadora, Brandon clicks on Seleccionar Version, Brandon clicks on Seleccionar Lenguaje, Brandon clicks on Seleccionar mobil, Brandon clicks on Seleccionar modelo, Brandon clicks on Seleccioanr Sistema Operativo, Brandon clicks on Tercer Boton, Brandon enters 'MiContraseña-2021' into Ingresar ContraseÃ±a, Brandon enters 'MiContraseña-2021' into Confirmar contraseÃ±a, Brandon clicks on Tercer Boton, Brandon clicks on Tercer Boton]], Then el termina el registro satisfactoriamente]
[Test worker] WARN net.thucydides.core.steps.BaseStepListener - Final testOutcomes: [Resgistrarse en la pagina de utest:Given El usuario quiere registrarse en la pagina de utest [Brandon open up [Brandon opens the Utest page], Brandon join t [Brandon clicks on buton de registro]], When El llena el formulario de registro en la pagina de utest
| strFirstName | strLastName | strEmail | strMonth | strDay | strYear | strCity | strZip | strCountry | strComputer | strVersion | strLanguage | strMobil | strModel | strOS | strPassword |
| Jhonatan | Ferreira | jhonferre0616@gmail.com | June | 16 | 1995 | Cúcuta | 540013 | Colombia | Windows | 10 | English | Motorola | Moto G6 Plus | Android 9.0 (Pie) | MiContraseña-2021 | [Brandon fill form [Brandon enters 'Jhonatan' into primer nombre, Brandon enters 'Ferreira' into segundo nombre, Brandon enters 'jhonferre0616@gmail.com' into correo, Brandon select June on mes de nacimiento, Brandon select 16 on dia de nacimiento, Brandon select 1995 on aÃ±o de nacimiento, Brandon clicks on Primer boton, Brandon enters 'Cúcuta' into Ingresar Ciudad, Brandon enters '540013' into Ingresar Codigo Postal, Brandon clicks on Seleccionar Pais, Brandon clicks on Segundo Boton, Brandon clicks on Seleccionar Computadora, Brandon clicks on Seleccionar Version, Brandon clicks on Seleccionar Lenguaje, Brandon clicks on Seleccionar mobil, Brandon clicks on Seleccionar modelo, Brandon clicks on Seleccioanr Sistema Operativo, Brandon clicks on Tercer Boton, Brandon enters 'MiContraseña-2021' into Ingresar ContraseÃ±a, Brandon enters 'MiContraseña-2021' into Confirmar contraseÃ±a, Brandon clicks on Tercer Boton, Brandon clicks on Tercer Boton]], Then el termina el registro satisfactoriamente]
[Test worker] INFO net.thucydides.core.steps.ConsoleLoggingListener - 
        __    _____ _____ ____ _____   ____   _    ____  ____  _____ ____  
  _     \ \  |_   _| ____/ ___|_   _| |  _ \ / \  / ___|/ ___|| ____|  _ \ 
 (_)_____| |   | | |  _| \___ \ | |   | |_) / _ \ \___ \\___ \|  _| | | | |
  _|_____| |   | | | |___ ___) || |   |  __/ ___ \ ___) |___) | |___| |_| |
 (_)     | |   |_| |_____|____/ |_|   |_| /_/   \_\____/|____/|_____|____/ 
        /_/                                                                

TEST PASSED: Resgistrarse en la pagina de utest
----------------------------------------------------------------------------
]]></system-err>
</testsuite>
